#
# There is insufficient memory for the Java Runtime Environment to continue.
# Native memory allocation (malloc) failed to allocate 343056 bytes for Chunk::new
# Possible reasons:
#   The system is out of physical RAM or swap space
#   The process is running with CompressedOops enabled, and the Java Heap may be blocking the growth of the native heap
# Possible solutions:
#   Reduce memory load on the system
#   Increase physical memory or swap space
#   Check if swap backing store is full
#   Decrease Java heap size (-Xmx/-Xms)
#   Decrease number of Java threads
#   Decrease Java thread stack sizes (-Xss)
#   Set larger code cache with -XX:ReservedCodeCacheSize=
#   JVM is running with Zero Based Compressed Oops mode in which the Java heap is
#     placed in the first 32GB address space. The Java Heap base address is the
#     maximum limit for the native heap growth. Please use -XX:HeapBaseMinAddress
#     to set the Java Heap base and to place the Java Heap above 32GB virtual address.
# This output file may be truncated or incomplete.
#
#  Out of Memory Error (allocation.cpp:390), pid=10552, tid=0x0000000000001060
#
# JRE version: Java(TM) SE Runtime Environment (8.0_201-b09) (build 1.8.0_201-b09)
# Java VM: Java HotSpot(TM) 64-Bit Server VM (25.201-b09 mixed mode windows-amd64 compressed oops)
# Failed to write core dump. Minidumps are not enabled by default on client versions of Windows
#

---------------  T H R E A D  ---------------

Current thread (0x0000000028b19000):  JavaThread "C2 CompilerThread1" daemon [_thread_in_native, id=4192, stack(0x00000000294a0000,0x00000000295a0000)]

Stack: [0x00000000294a0000,0x00000000295a0000]
[error occurred during error reporting (printing stack bounds), id 0xc0000005]

Native frames: (J=compiled Java code, j=interpreted, Vv=VM code, C=native code)


Current CompileTask:
C2:    725 1083   !   4       java.net.URL::<init> (543 bytes)


---------------  P R O C E S S  ---------------

Java Threads: ( => current thread )
  0x0000000029efe800 JavaThread "background-preinit" [_thread_in_native, id=12664, stack(0x000000002ad60000,0x000000002ae60000)]
  0x00000000291e1800 JavaThread "restartedMain" [_thread_in_vm, id=5164, stack(0x000000002ab50000,0x000000002ac50000)]
  0x00000000291b0000 JavaThread "Thread-0" [_thread_blocked, id=15672, stack(0x000000002aa50000,0x000000002ab50000)]
  0x0000000028bb1000 JavaThread "Service Thread" daemon [_thread_blocked, id=15804, stack(0x00000000297a0000,0x00000000298a0000)]
  0x0000000028b1c800 JavaThread "C1 CompilerThread3" daemon [_thread_blocked, id=15964, stack(0x00000000296a0000,0x00000000297a0000)]
  0x0000000028b1c000 JavaThread "C2 CompilerThread2" daemon [_thread_blocked, id=13248, stack(0x00000000295a0000,0x00000000296a0000)]
=>0x0000000028b19000 JavaThread "C2 CompilerThread1" daemon [_thread_in_native, id=4192, stack(0x00000000294a0000,0x00000000295a0000)]
  0x0000000028b18000 JavaThread "C2 CompilerThread0" daemon [_thread_blocked, id=6796, stack(0x00000000293a0000,0x00000000294a0000)]
  0x0000000028afa800 JavaThread "Monitor Ctrl-Break" daemon [_thread_in_native, id=6908, stack(0x00000000292a0000,0x00000000293a0000)]
  0x00000000274a4000 JavaThread "Attach Listener" daemon [_thread_blocked, id=15348, stack(0x00000000289a0000,0x0000000028aa0000)]
  0x00000000274a3000 JavaThread "Signal Dispatcher" daemon [_thread_blocked, id=15288, stack(0x00000000288a0000,0x00000000289a0000)]
  0x0000000027483800 JavaThread "Finalizer" daemon [_thread_blocked, id=5592, stack(0x0000000028710000,0x0000000028810000)]
  0x0000000025d9d800 JavaThread "Reference Handler" daemon [_thread_blocked, id=1448, stack(0x0000000028610000,0x0000000028710000)]
  0x0000000002ac6800 JavaThread "main" [_thread_blocked, id=7416, stack(0x00000000027b0000,0x00000000028b0000)]

Other Threads:
  0x0000000027462800 VMThread [stack: 0x0000000028510000,0x0000000028610000] [id=14584]
  0x0000000028c9a000 WatcherThread [stack: 0x00000000298a0000,0x00000000299a0000] [id=8008]

VM state:not at safepoint (normal execution)

VM Mutex/Monitor currently owned by a thread:  ([mutex/lock_event])
[0x0000000002ac3e20] Patching_lock - owner thread: 0x0000000000000000

heap address: 0x00000005c2000000, size: 8160 MB, Compressed Oops mode: Zero based, Oop shift amount: 3
Narrow klass base: 0x0000000000000000, Narrow klass shift: 3
Compressed class space size: 1073741824 Address: 0x00000007c0000000

Heap:
 PSYoungGen      total 152576K, used 102259K [0x0000000716000000, 0x0000000720a00000, 0x00000007c0000000)
  eden space 131072K, 78% used [0x0000000716000000,0x000000071c3dcf60,0x000000071e000000)
  from space 21504K, 0% used [0x000000071f500000,0x000000071f500000,0x0000000720a00000)
  to   space 21504K, 0% used [0x000000071e000000,0x000000071e000000,0x000000071f500000)
 ParOldGen       total 348160K, used 0K [0x00000005c2000000, 0x00000005d7400000, 0x0000000716000000)
  object space 348160K, 0% used [0x00000005c2000000,0x00000005c2000000,0x00000005d7400000)
 Metaspace       used 14408K, capacity 14846K, committed 15104K, reserved 1062912K
  class space    used 1892K, capacity 2032K, committed 2048K, reserved 1048576K

Card table byte_map: [0x0000000011f80000,0x0000000012f80000] byte_map_base: 0x000000000f170000

Marking Bits: (ParMarkBitMap*) 0x00000000777b4ce0
 Begin Bits: [0x0000000014420000, 0x000000001c3a0000)
 End Bits:   [0x000000001c3a0000, 0x0000000024320000)

Polling page: 0x00000000028b0000

CodeCache: size=245760Kb used=4031Kb max_used=4036Kb free=241728Kb
 bounds [0x0000000002bc0000, 0x0000000002fc0000, 0x0000000011bc0000]
 total_blobs=1502 nmethods=1161 adapters=254
 compilation: enabled

Compilation events (10 events):
Event: 0.712 Thread 0x0000000028b1c800 1158       3       org.springframework.boot.context.properties.source.ConfigurationPropertyName$Elements::getLength (46 bytes)
Event: 0.712 Thread 0x0000000028b1c800 nmethod 1158 0x0000000002fadb10 code [0x0000000002fadca0, 0x0000000002fadfc8]
Event: 0.712 Thread 0x0000000028b1c800 1159       3       java.nio.Buffer::flip (20 bytes)
Event: 0.712 Thread 0x0000000028b1c800 nmethod 1159 0x0000000002fad7d0 code [0x0000000002fad920, 0x0000000002fada90]
Event: 0.712 Thread 0x0000000028b1c800 1155       1       org.springframework.boot.context.properties.source.ConfigurationPropertyName$Elements::getSource (5 bytes)
Event: 0.712 Thread 0x0000000028b1c800 nmethod 1155 0x0000000002fad510 code [0x0000000002fad660, 0x0000000002fad770]
Event: 0.715 Thread 0x0000000028b18000 1160       4       java.util.HashMap::get (23 bytes)
Event: 0.717 Thread 0x0000000028b18000 nmethod 1160 0x0000000002facdd0 code [0x0000000002facf20, 0x0000000002fad218]
Event: 0.718 Thread 0x0000000028b1c800 1161       3       java.lang.reflect.Constructor::newInstance (87 bytes)
Event: 0.719 Thread 0x0000000028b1c800 nmethod 1161 0x0000000002fb2750 code [0x0000000002fb2940, 0x0000000002fb3068]

GC Heap History (0 events):
No events

Deoptimization events (7 events):
Event: 0.307 Thread 0x0000000002ac6800 Uncommon trap: reason=unstable_if action=reinterpret pc=0x0000000002d61880 method=sun.misc.MetaIndex.mayContain(Ljava/lang/String;)Z @ 38
Event: 0.473 Thread 0x00000000291e1800 Uncommon trap: reason=class_check action=maybe_recompile pc=0x0000000002d50238 method=sun.misc.URLClassPath.getLoader(I)Lsun/misc/URLClassPath$Loader; @ 94
Event: 0.496 Thread 0x00000000291e1800 Uncommon trap: reason=unstable_if action=reinterpret pc=0x0000000002d66a78 method=java.lang.String.indexOf([CII[CIII)I @ 3
Event: 0.505 Thread 0x0000000029efe800 Uncommon trap: reason=range_check action=make_not_entrant pc=0x0000000002e319a8 method=sun.reflect.generics.parser.SignatureParser.current()C @ 34
Event: 0.621 Thread 0x00000000291e1800 Uncommon trap: reason=unstable_if action=reinterpret pc=0x0000000002e530c4 method=java.util.HashMap.hash(Ljava/lang/Object;)I @ 1
Event: 0.697 Thread 0x00000000291e1800 Uncommon trap: reason=unstable_if action=reinterpret pc=0x0000000002f89518 method=java.util.concurrent.ConcurrentHashMap.addCount(JI)V @ 168
Event: 0.697 Thread 0x0000000029efe800 Uncommon trap: reason=unstable_if action=reinterpret pc=0x0000000002f89518 method=java.util.concurrent.ConcurrentHashMap.addCount(JI)V @ 168

Classes redefined (0 events):
No events

Internal exceptions (10 events):
Event: 0.513 Thread 0x0000000029efe800 Exception <a 'java/lang/ArrayIndexOutOfBoundsException': 112> (0x000000071883eaa0) thrown at [C:\re\workspace\8-2-build-windows-amd64-cygwin\jdk8u201\12322\hotspot\src\share\vm\interpreter\interpreterRuntime.cpp, line 368]
Event: 0.513 Thread 0x00000000291e1800 Exception <a 'java/lang/ArrayIndexOutOfBoundsException': 112> (0x0000000718a472a0) thrown at [C:\re\workspace\8-2-build-windows-amd64-cygwin\jdk8u201\12322\hotspot\src\share\vm\interpreter\interpreterRuntime.cpp, line 368]
Event: 0.513 Thread 0x00000000291e1800 Exception <a 'java/lang/ArrayIndexOutOfBoundsException': 114> (0x0000000718a54a78) thrown at [C:\re\workspace\8-2-build-windows-amd64-cygwin\jdk8u201\12322\hotspot\src\share\vm\interpreter\interpreterRuntime.cpp, line 368]
Event: 0.513 Thread 0x0000000029efe800 Exception <a 'java/lang/ArrayIndexOutOfBoundsException': 114> (0x00000007188407d8) thrown at [C:\re\workspace\8-2-build-windows-amd64-cygwin\jdk8u201\12322\hotspot\src\share\vm\interpreter\interpreterRuntime.cpp, line 368]
Event: 0.514 Thread 0x0000000029efe800 Exception <a 'java/lang/ArrayIndexOutOfBoundsException': 114> (0x000000071884dac8) thrown at [C:\re\workspace\8-2-build-windows-amd64-cygwin\jdk8u201\12322\hotspot\src\share\vm\interpreter\interpreterRuntime.cpp, line 368]
Event: 0.514 Thread 0x00000000291e1800 Exception <a 'java/lang/ArrayIndexOutOfBoundsException': 114> (0x0000000718a56738) thrown at [C:\re\workspace\8-2-build-windows-amd64-cygwin\jdk8u201\12322\hotspot\src\share\vm\interpreter\interpreterRuntime.cpp, line 368]
Event: 0.514 Thread 0x0000000029efe800 Exception <a 'java/lang/ArrayIndexOutOfBoundsException': 108> (0x0000000718859988) thrown at [C:\re\workspace\8-2-build-windows-amd64-cygwin\jdk8u201\12322\hotspot\src\share\vm\interpreter\interpreterRuntime.cpp, line 368]
Event: 0.514 Thread 0x00000000291e1800 Exception <a 'java/lang/ArrayIndexOutOfBoundsException': 108> (0x0000000718a584b8) thrown at [C:\re\workspace\8-2-build-windows-amd64-cygwin\jdk8u201\12322\hotspot\src\share\vm\interpreter\interpreterRuntime.cpp, line 368]
Event: 0.621 Thread 0x00000000291e1800 Implicit null exception at 0x0000000002e52e95 to 0x0000000002e530b5
Event: 0.661 Thread 0x00000000291e1800 Exception <a 'java/lang/NoSuchMethodError': java.lang.Object.lambda$chars$0()Ljava/util/Spliterator$OfInt;> (0x000000071ae0ca88) thrown at [C:\re\workspace\8-2-build-windows-amd64-cygwin\jdk8u201\12322\hotspot\src\share\vm\interpreter\linkResolver.cpp, li

Events (10 events):
Event: 0.722 loading class org/springframework/beans/factory/support/AbstractAutowireCapableBeanFactory
Event: 0.722 loading class org/springframework/beans/factory/support/AbstractAutowireCapableBeanFactory done
Event: 0.722 loading class javax/el/MethodNotFoundException
Event: 0.722 loading class javax/el/MethodNotFoundException done
Event: 0.722 loading class javax/el/Util$CacheValue
Event: 0.722 loading class javax/el/Util$CacheValue done
Event: 0.723 loading class javax/el/ExpressionFactory$CacheKey
Event: 0.723 loading class javax/el/ExpressionFactory$CacheKey done
Event: 0.723 loading class org/springframework/beans/factory/support/AbstractBeanFactory
Event: 0.723 loading class org/springframework/beans/factory/support/AbstractBeanFactory done


Dynamic libraries:
0x00007ff785fb0000 - 0x00007ff785fe7000 	C:\Program Files\Java\jdk1.8.0_201\bin\java.exe
0x00007ffd12020000 - 0x00007ffd12210000 	C:\WINDOWS\SYSTEM32\ntdll.dll
0x00007ffd105d0000 - 0x00007ffd10682000 	C:\WINDOWS\System32\KERNEL32.DLL
0x00007ffd0f890000 - 0x00007ffd0fb33000 	C:\WINDOWS\System32\KERNELBASE.dll
0x00007ffd11090000 - 0x00007ffd11133000 	C:\WINDOWS\System32\ADVAPI32.dll
0x00007ffd11150000 - 0x00007ffd111ee000 	C:\WINDOWS\System32\msvcrt.dll
0x00007ffd10cb0000 - 0x00007ffd10d47000 	C:\WINDOWS\System32\sechost.dll
0x00007ffd103f0000 - 0x00007ffd10510000 	C:\WINDOWS\System32\RPCRT4.dll
0x00007ffd10ef0000 - 0x00007ffd11083000 	C:\WINDOWS\System32\USER32.dll
0x00007ffd0f780000 - 0x00007ffd0f7a1000 	C:\WINDOWS\System32\win32u.dll
0x00007ffd11e90000 - 0x00007ffd11eb6000 	C:\WINDOWS\System32\GDI32.dll
0x00007ffd0ff30000 - 0x00007ffd100c4000 	C:\WINDOWS\System32\gdi32full.dll
0x00007ffd0fc90000 - 0x00007ffd0fd2e000 	C:\WINDOWS\System32\msvcp_win.dll
0x00007ffd0fd30000 - 0x00007ffd0fe2a000 	C:\WINDOWS\System32\ucrtbase.dll
0x00007ffd02410000 - 0x00007ffd02695000 	C:\WINDOWS\WinSxS\amd64_microsoft.windows.common-controls_6595b64144ccf1df_6.0.18362.295_none_e6c3acbd13101292\COMCTL32.dll
0x00007ffd11330000 - 0x00007ffd11666000 	C:\WINDOWS\System32\combase.dll
0x00007ffd0f7b0000 - 0x00007ffd0f830000 	C:\WINDOWS\System32\bcryptPrimitives.dll
0x00007ffd11220000 - 0x00007ffd1124e000 	C:\WINDOWS\System32\IMM32.DLL
0x00000000501d0000 - 0x00000000502a1000 	C:\Program Files\Java\jdk1.8.0_201\jre\bin\msvcr100.dll
0x0000000076f90000 - 0x0000000077834000 	C:\Program Files\Java\jdk1.8.0_201\jre\bin\server\jvm.dll
0x00007ffd111f0000 - 0x00007ffd111f8000 	C:\WINDOWS\System32\PSAPI.DLL
0x00007ffd04940000 - 0x00007ffd04949000 	C:\WINDOWS\SYSTEM32\WSOCK32.dll
0x00007ffd05f80000 - 0x00007ffd05fa4000 	C:\WINDOWS\SYSTEM32\WINMM.dll
0x00007ffd0b6d0000 - 0x00007ffd0b6da000 	C:\WINDOWS\SYSTEM32\VERSION.dll
0x00007ffd11250000 - 0x00007ffd112bf000 	C:\WINDOWS\System32\WS2_32.dll
0x00007ffd05730000 - 0x00007ffd0575d000 	C:\WINDOWS\SYSTEM32\winmmbase.dll
0x00007ffd0f730000 - 0x00007ffd0f77a000 	C:\WINDOWS\System32\cfgmgr32.dll
0x00007ffd0bc80000 - 0x00007ffd0bc8f000 	C:\Program Files\Java\jdk1.8.0_201\jre\bin\verify.dll
0x00007ffd0af10000 - 0x00007ffd0af39000 	C:\Program Files\Java\jdk1.8.0_201\jre\bin\java.dll
0x00007ffd02790000 - 0x00007ffd027b3000 	C:\Program Files\Java\jdk1.8.0_201\jre\bin\instrument.dll
0x00007ffd0bc60000 - 0x00007ffd0bc76000 	C:\Program Files\Java\jdk1.8.0_201\jre\bin\zip.dll
0x00007ffd117a0000 - 0x00007ffd11e82000 	C:\WINDOWS\System32\SHELL32.dll
0x00007ffd11ed0000 - 0x00007ffd11f79000 	C:\WINDOWS\System32\shcore.dll
0x00007ffd0efb0000 - 0x00007ffd0f72c000 	C:\WINDOWS\System32\windows.storage.dll
0x00007ffd0ef70000 - 0x00007ffd0ef8f000 	C:\WINDOWS\System32\profapi.dll
0x00007ffd0ef00000 - 0x00007ffd0ef4a000 	C:\WINDOWS\System32\powrprof.dll
0x00007ffd0eef0000 - 0x00007ffd0ef00000 	C:\WINDOWS\System32\UMPDC.dll
0x00007ffd11f80000 - 0x00007ffd11fd2000 	C:\WINDOWS\System32\shlwapi.dll
0x00007ffd0ef90000 - 0x00007ffd0efa1000 	C:\WINDOWS\System32\kernel.appcore.dll
0x00007ffd0fe60000 - 0x00007ffd0fe77000 	C:\WINDOWS\System32\cryptsp.dll
0x00007ffd02770000 - 0x00007ffd0278a000 	C:\Program Files\JetBrains\IntelliJ IDEA Community Edition 2019.2.1\bin\breakgen64.dll
0x00007ffd0b770000 - 0x00007ffd0b78a000 	C:\Program Files\Java\jdk1.8.0_201\jre\bin\net.dll
0x00007ffd06f70000 - 0x00007ffd07146000 	C:\WINDOWS\SYSTEM32\urlmon.dll
0x00007ffd06650000 - 0x00007ffd068f6000 	C:\WINDOWS\SYSTEM32\iertutil.dll
0x00007ffd0e8d0000 - 0x00007ffd0e8dc000 	C:\WINDOWS\SYSTEM32\CRYPTBASE.DLL
0x00007ffd0e700000 - 0x00007ffd0e767000 	C:\WINDOWS\system32\mswsock.dll
0x00007ffd03350000 - 0x00007ffd0335d000 	C:\Program Files\Java\jdk1.8.0_201\jre\bin\management.dll
0x00007ffd05ba0000 - 0x00007ffd05bb6000 	C:\WINDOWS\system32\napinsp.dll
0x00007ffd05b80000 - 0x00007ffd05b9a000 	C:\WINDOWS\system32\pnrpnsp.dll
0x00007ffd0e450000 - 0x00007ffd0e51a000 	C:\WINDOWS\SYSTEM32\DNSAPI.dll
0x00007ffd11ec0000 - 0x00007ffd11ec8000 	C:\WINDOWS\System32\NSI.dll
0x00007ffd0e410000 - 0x00007ffd0e44a000 	C:\WINDOWS\SYSTEM32\IPHLPAPI.DLL
0x00007ffd05b70000 - 0x00007ffd05b7e000 	C:\WINDOWS\System32\winrnr.dll
0x00007ffd0b170000 - 0x00007ffd0b18c000 	C:\WINDOWS\system32\NLAapi.dll
0x00007ffd05b50000 - 0x00007ffd05b65000 	C:\WINDOWS\system32\wshbth.dll
0x00007ffd08ec0000 - 0x00007ffd08eca000 	C:\Windows\System32\rasadhlp.dll
0x00007ffd0a360000 - 0x00007ffd0a3d7000 	C:\WINDOWS\System32\fwpuclnt.dll
0x00007ffd0fe30000 - 0x00007ffd0fe56000 	C:\WINDOWS\System32\bcrypt.dll

VM Arguments:
jvm_args: -javaagent:C:\Program Files\JetBrains\IntelliJ IDEA Community Edition 2019.2.1\lib\idea_rt.jar=49568:C:\Program Files\JetBrains\IntelliJ IDEA Community Edition 2019.2.1\bin -Dfile.encoding=UTF-8 
java_command: com.restapi.smart.SmartApplication
java_class_path (initial): C:\Program Files\Java\jdk1.8.0_201\jre\lib\charsets.jar;C:\Program Files\Java\jdk1.8.0_201\jre\lib\deploy.jar;C:\Program Files\Java\jdk1.8.0_201\jre\lib\ext\access-bridge-64.jar;C:\Program Files\Java\jdk1.8.0_201\jre\lib\ext\cldrdata.jar;C:\Program Files\Java\jdk1.8.0_201\jre\lib\ext\dnsns.jar;C:\Program Files\Java\jdk1.8.0_201\jre\lib\ext\jaccess.jar;C:\Program Files\Java\jdk1.8.0_201\jre\lib\ext\jfxrt.jar;C:\Program Files\Java\jdk1.8.0_201\jre\lib\ext\localedata.jar;C:\Program Files\Java\jdk1.8.0_201\jre\lib\ext\nashorn.jar;C:\Program Files\Java\jdk1.8.0_201\jre\lib\ext\sunec.jar;C:\Program Files\Java\jdk1.8.0_201\jre\lib\ext\sunjce_provider.jar;C:\Program Files\Java\jdk1.8.0_201\jre\lib\ext\sunmscapi.jar;C:\Program Files\Java\jdk1.8.0_201\jre\lib\ext\sunpkcs11.jar;C:\Program Files\Java\jdk1.8.0_201\jre\lib\ext\zipfs.jar;C:\Program Files\Java\jdk1.8.0_201\jre\lib\javaws.jar;C:\Program Files\Java\jdk1.8.0_201\jre\lib\jce.jar;C:\Program Files\Java\jdk1.8.0_201\jre\lib\jfr.jar;C:\Program Files\Java\jdk1.8.0_201\jre\lib\jfxswt.jar;C:\Program Files\Java\jdk1.8.0_201\jre\lib\jsse.jar;C:\Program Files\Java\jdk1.8.0_201\jre\lib\management-agent.jar;C:\Program Files\Java\jdk1.8.0_201\jre\lib\plugin.jar;C:\Program Files\Java\jdk1.8.0_201\jre\lib\resources.jar;C:\Program Files\Java\jdk1.8.0_201\jre\lib\rt.jar;C:\Dev50\workspace_intellij\apiSmartBD\target\classes;C:\Users\ksm02\.m2\repository\org\springframework\boot\spring-boot-starter-jdbc\2.1.4.RELEASE\spring-boot-starter-jdbc-2.1.4.RELEASE.jar;C:\Users\ksm02\.m2\repository\org\springframework\boot\spring-boot-starter\2.1.4.RELEASE\spring-boot-starter-2.1.4.RELEASE.jar;C:\Users\ksm02\.m2\repository\org\springframework\boot\spring-boot-starter-logging\2.1.4.RELEASE\spring-boot-starter-logging-2.1.4.RELEASE.jar;C:\Users\ksm02\.m2\repository\ch\qos\logback\logback-classic\1.2.3\logback-classic-1.2.3.jar;C:\Users\ksm02\.m2\repository\ch\qos\logback\logback-core\1.2.3\logback-core-1.2.3.jar;C:\Users
Launcher Type: SUN_STANDARD

Environment Variables:
PATH=C:\oraclexe\app\oracle\product\11.2.0\server\bin;C:\Program Files (x86)\Common Files\Oracle\Java\javapath;C:\WINDOWS\system32;C:\WINDOWS;C:\WINDOWS\System32\Wbem;C:\WINDOWS\System32\WindowsPowerShell\v1.0\;C:\WINDOWS\System32\OpenSSH\;C:\Program Files\Java\jdk1.8.0_201\bin;C:\Program Files\Geth;C:\Program Files\nodejs\;C:\Program Files\Git\cmd;D:\Dev50\Anaconda3;D:\Dev50\Anaconda3\Scripts;C:\Users\ksm02\AppData\Local\Microsoft\WindowsApps;C:\Program Files\Bandizip\;C:\Users\ksm02\AppData\Roaming\npm;C:\Programs\Microsoft VS Code\bin;
USERNAME=ksm02
OS=Windows_NT
PROCESSOR_IDENTIFIER=Intel64 Family 6 Model 158 Stepping 10, GenuineIntel



---------------  S Y S T E M  ---------------

OS: Windows 10.0 , 64 bit Build 18362 (10.0.18362.86)

CPU:total 12 (initial active 12) (6 cores per cpu, 2 threads per core) family 6 model 158 stepping 10, cmov, cx8, fxsr, mmx, sse, sse2, sse3, ssse3, sse4.1, sse4.2, popcnt, avx, avx2, aes, clmul, erms, rtm, 3dnowpref, lzcnt, ht, tsc, tscinvbit, bmi1, bmi2, adx

Memory: 4k page, physical 33423320k(2041232k free), swap 62588920k(5192k free)

vm_info: Java HotSpot(TM) 64-Bit Server VM (25.201-b09) for windows-amd64 JRE (1.8.0_201-b09), built on Dec 15 2018 18:36:39 by "java_re" with MS VC++ 10.0 (VS2010)

time: Tue Sep 03 20:00:04 2019
timezone: 대한민국 표준시
elapsed time: 0 seconds (0d 0h 0m 0s)

