#
# There is insufficient memory for the Java Runtime Environment to continue.
# Native memory allocation (malloc) failed to allocate 1804016 bytes for Chunk::new
# Possible reasons:
#   The system is out of physical RAM or swap space
#   The process is running with CompressedOops enabled, and the Java Heap may be blocking the growth of the native heap
# Possible solutions:
#   Reduce memory load on the system
#   Increase physical memory or swap space
#   Check if swap backing store is full
#   Decrease Java heap size (-Xmx/-Xms)
#   Decrease number of Java threads
#   Decrease Java thread stack sizes (-Xss)
#   Set larger code cache with -XX:ReservedCodeCacheSize=
#   JVM is running with Zero Based Compressed Oops mode in which the Java heap is
#     placed in the first 32GB address space. The Java Heap base address is the
#     maximum limit for the native heap growth. Please use -XX:HeapBaseMinAddress
#     to set the Java Heap base and to place the Java Heap above 32GB virtual address.
# This output file may be truncated or incomplete.
#
#  Out of Memory Error (allocation.cpp:390), pid=6860, tid=0x0000000000001f3c
#
# JRE version: Java(TM) SE Runtime Environment (8.0_201-b09) (build 1.8.0_201-b09)
# Java VM: Java HotSpot(TM) 64-Bit Server VM (25.201-b09 mixed mode windows-amd64 compressed oops)
# Failed to write core dump. Minidumps are not enabled by default on client versions of Windows
#

---------------  T H R E A D  ---------------

Current thread (0x000000002947b800):  JavaThread "C2 CompilerThread2" daemon [_thread_in_native, id=7996, stack(0x0000000029f00000,0x000000002a000000)]

Stack: [0x0000000029f00000,0x000000002a000000]
[error occurred during error reporting (printing stack bounds), id 0xc0000005]

Native frames: (J=compiled Java code, j=interpreted, Vv=VM code, C=native code)


Current CompileTask:
C2:   3060 4051       4       org.springframework.core.annotation.AnnotationUtils::findAnnotation (223 bytes)


---------------  P R O C E S S  ---------------

Java Threads: ( => current thread )
  0x000000002c6d7800 JavaThread "container-0" [_thread_blocked, id=11780, stack(0x0000000030fd0000,0x00000000310d0000)]
  0x000000002dde1000 JavaThread "Catalina-utility-2" [_thread_blocked, id=8372, stack(0x0000000030ed0000,0x0000000030fd0000)]
  0x000000002f526000 JavaThread "Catalina-utility-1" [_thread_blocked, id=9520, stack(0x000000002b5b0000,0x000000002b6b0000)]
  0x000000002ad49800 JavaThread "restartedMain" [_thread_in_Java, id=15516, stack(0x000000002b4b0000,0x000000002b5b0000)]
  0x000000002ad49000 JavaThread "Thread-0" [_thread_blocked, id=6040, stack(0x000000002b3b0000,0x000000002b4b0000)]
  0x0000000029514000 JavaThread "Service Thread" daemon [_thread_blocked, id=14172, stack(0x000000002a100000,0x000000002a200000)]
  0x000000002947c800 JavaThread "C1 CompilerThread3" daemon [_thread_in_native, id=12708, stack(0x000000002a000000,0x000000002a100000)]
=>0x000000002947b800 JavaThread "C2 CompilerThread2" daemon [_thread_in_native, id=7996, stack(0x0000000029f00000,0x000000002a000000)]
  0x0000000029479000 JavaThread "C2 CompilerThread1" daemon [_thread_in_native, id=14276, stack(0x0000000029e00000,0x0000000029f00000)]
  0x0000000029478000 JavaThread "C2 CompilerThread0" daemon [_thread_in_native, id=7028, stack(0x0000000029d00000,0x0000000029e00000)]
  0x000000002818d800 JavaThread "Monitor Ctrl-Break" daemon [_thread_in_native, id=13040, stack(0x0000000029c00000,0x0000000029d00000)]
  0x000000002672a000 JavaThread "Attach Listener" daemon [_thread_blocked, id=5380, stack(0x0000000029300000,0x0000000029400000)]
  0x0000000027e18000 JavaThread "Signal Dispatcher" daemon [_thread_blocked, id=13504, stack(0x0000000029200000,0x0000000029300000)]
  0x0000000026722800 JavaThread "Finalizer" daemon [_thread_blocked, id=5576, stack(0x0000000029070000,0x0000000029170000)]
  0x0000000027df3000 JavaThread "Reference Handler" daemon [_thread_blocked, id=4832, stack(0x0000000028f70000,0x0000000029070000)]
  0x0000000003446800 JavaThread "main" [_thread_blocked, id=16756, stack(0x0000000003210000,0x0000000003310000)]

Other Threads:
  0x000000000353c800 VMThread [stack: 0x0000000028e70000,0x0000000028f70000] [id=14216]
  0x00000000295d7800 WatcherThread [stack: 0x000000002a200000,0x000000002a300000] [id=13348]

VM state:not at safepoint (normal execution)

VM Mutex/Monitor currently owned by a thread: None

heap address: 0x00000005c2000000, size: 8160 MB, Compressed Oops mode: Zero based, Oop shift amount: 3
Narrow klass base: 0x0000000000000000, Narrow klass shift: 3
Compressed class space size: 1073741824 Address: 0x00000007c0000000

Heap:
 PSYoungGen      total 283648K, used 172691K [0x0000000716000000, 0x0000000731d80000, 0x00000007c0000000)
  eden space 262144K, 65% used [0x0000000716000000,0x00000007208a4f58,0x0000000726000000)
  from space 21504K, 0% used [0x0000000726000000,0x0000000726000000,0x0000000727500000)
  to   space 21504K, 0% used [0x0000000730880000,0x0000000730880000,0x0000000731d80000)
 ParOldGen       total 185856K, used 21472K [0x00000005c2000000, 0x00000005cd580000, 0x0000000716000000)
  object space 185856K, 11% used [0x00000005c2000000,0x00000005c34f80c8,0x00000005cd580000)
 Metaspace       used 45043K, capacity 46769K, committed 46936K, reserved 1089536K
  class space    used 5787K, capacity 6137K, committed 6232K, reserved 1048576K

Card table byte_map: [0x0000000012900000,0x0000000013900000] byte_map_base: 0x000000000faf0000

Marking Bits: (ParMarkBitMap*) 0x00000000777b4ce0
 Begin Bits: [0x0000000014da0000, 0x000000001cd20000)
 End Bits:   [0x000000001cd20000, 0x0000000024ca0000)

Polling page: 0x0000000001450000

CodeCache: size=245760Kb used=16514Kb max_used=16514Kb free=229245Kb
 bounds [0x0000000003540000, 0x0000000004570000, 0x0000000012540000]
 total_blobs=4778 nmethods=4293 adapters=395
 compilation: enabled

Compilation events (10 events):
Event: 3.050 Thread 0x000000002947c800 nmethod 4320 0x00000000045479d0 code [0x0000000004547b20, 0x0000000004547cd0]
Event: 3.051 Thread 0x000000002947c800 4321       3       org.springframework.context.support.AbstractApplicationContext::assertBeanFactoryActive (81 bytes)
Event: 3.051 Thread 0x000000002947c800 nmethod 4321 0x0000000004547d50 code [0x0000000004547fc0, 0x0000000004549278]
Event: 3.051 Thread 0x000000002947c800 4322       3       sun.misc.ProxyGenerator$ProxyMethod::generateMethod (733 bytes)
Event: 3.056 Thread 0x000000002947c800 nmethod 4322 0x0000000004549990 code [0x000000000454a7c0, 0x0000000004554a48]
Event: 3.056 Thread 0x000000002947c800 4327       3       sun.misc.ProxyGenerator$ProxyMethod::codeFieldInitialization (241 bytes)
Event: 3.058 Thread 0x000000002947c800 nmethod 4327 0x000000000455d8d0 code [0x000000000455e0e0, 0x0000000004562ff8]
Event: 3.058 Thread 0x000000002947c800 4324       3       sun.misc.ProxyGenerator::computeUniqueCatchList (163 bytes)
Event: 3.059 Thread 0x000000002947c800 nmethod 4324 0x0000000004566cd0 code [0x0000000004567020, 0x0000000004568e68]
Event: 3.059 Thread 0x000000002947c800 4326       3       sun.misc.ProxyGenerator$ProxyMethod::access$1900 (6 bytes)

GC Heap History (10 events):
Event: 0.846 GC heap before
{Heap before GC invocations=1 (full 0):
 PSYoungGen      total 152576K, used 131072K [0x0000000716000000, 0x0000000720a00000, 0x00000007c0000000)
  eden space 131072K, 100% used [0x0000000716000000,0x000000071e000000,0x000000071e000000)
  from space 21504K, 0% used [0x000000071f500000,0x000000071f500000,0x0000000720a00000)
  to   space 21504K, 0% used [0x000000071e000000,0x000000071e000000,0x000000071f500000)
 ParOldGen       total 348160K, used 0K [0x00000005c2000000, 0x00000005d7400000, 0x0000000716000000)
  object space 348160K, 0% used [0x00000005c2000000,0x00000005c2000000,0x00000005d7400000)
 Metaspace       used 17882K, capacity 18346K, committed 18688K, reserved 1064960K
  class space    used 2305K, capacity 2452K, committed 2560K, reserved 1048576K
Event: 0.857 GC heap after
Heap after GC invocations=1 (full 0):
 PSYoungGen      total 152576K, used 14132K [0x0000000716000000, 0x0000000728a00000, 0x00000007c0000000)
  eden space 131072K, 0% used [0x0000000716000000,0x0000000716000000,0x000000071e000000)
  from space 21504K, 65% used [0x000000071e000000,0x000000071edcd140,0x000000071f500000)
  to   space 21504K, 0% used [0x0000000727500000,0x0000000727500000,0x0000000728a00000)
 ParOldGen       total 348160K, used 16K [0x00000005c2000000, 0x00000005d7400000, 0x0000000716000000)
  object space 348160K, 0% used [0x00000005c2000000,0x00000005c2004000,0x00000005d7400000)
 Metaspace       used 17882K, capacity 18346K, committed 18688K, reserved 1064960K
  class space    used 2305K, capacity 2452K, committed 2560K, reserved 1048576K
}
Event: 0.945 GC heap before
{Heap before GC invocations=2 (full 0):
 PSYoungGen      total 152576K, used 41980K [0x0000000716000000, 0x0000000728a00000, 0x00000007c0000000)
  eden space 131072K, 21% used [0x0000000716000000,0x0000000717b32160,0x000000071e000000)
  from space 21504K, 65% used [0x000000071e000000,0x000000071edcd140,0x000000071f500000)
  to   space 21504K, 0% used [0x0000000727500000,0x0000000727500000,0x0000000728a00000)
 ParOldGen       total 348160K, used 16K [0x00000005c2000000, 0x00000005d7400000, 0x0000000716000000)
  object space 348160K, 0% used [0x00000005c2000000,0x00000005c2004000,0x00000005d7400000)
 Metaspace       used 20654K, capacity 21114K, committed 21248K, reserved 1067008K
  class space    used 2671K, capacity 2800K, committed 2816K, reserved 1048576K
Event: 0.949 GC heap after
Heap after GC invocations=2 (full 0):
 PSYoungGen      total 283648K, used 7404K [0x0000000716000000, 0x0000000728a00000, 0x00000007c0000000)
  eden space 262144K, 0% used [0x0000000716000000,0x0000000716000000,0x0000000726000000)
  from space 21504K, 34% used [0x0000000727500000,0x0000000727c3b268,0x0000000728a00000)
  to   space 21504K, 0% used [0x0000000726000000,0x0000000726000000,0x0000000727500000)
 ParOldGen       total 348160K, used 24K [0x00000005c2000000, 0x00000005d7400000, 0x0000000716000000)
  object space 348160K, 0% used [0x00000005c2000000,0x00000005c2006000,0x00000005d7400000)
 Metaspace       used 20654K, capacity 21114K, committed 21248K, reserved 1067008K
  class space    used 2671K, capacity 2800K, committed 2816K, reserved 1048576K
}
Event: 0.949 GC heap before
{Heap before GC invocations=3 (full 1):
 PSYoungGen      total 283648K, used 7404K [0x0000000716000000, 0x0000000728a00000, 0x00000007c0000000)
  eden space 262144K, 0% used [0x0000000716000000,0x0000000716000000,0x0000000726000000)
  from space 21504K, 34% used [0x0000000727500000,0x0000000727c3b268,0x0000000728a00000)
  to   space 21504K, 0% used [0x0000000726000000,0x0000000726000000,0x0000000727500000)
 ParOldGen       total 348160K, used 24K [0x00000005c2000000, 0x00000005d7400000, 0x0000000716000000)
  object space 348160K, 0% used [0x00000005c2000000,0x00000005c2006000,0x00000005d7400000)
 Metaspace       used 20654K, capacity 21114K, committed 21248K, reserved 1067008K
  class space    used 2671K, capacity 2800K, committed 2816K, reserved 1048576K
Event: 0.964 GC heap after
Heap after GC invocations=3 (full 1):
 PSYoungGen      total 283648K, used 0K [0x0000000716000000, 0x0000000728a00000, 0x00000007c0000000)
  eden space 262144K, 0% used [0x0000000716000000,0x0000000716000000,0x0000000726000000)
  from space 21504K, 0% used [0x0000000727500000,0x0000000727500000,0x0000000728a00000)
  to   space 21504K, 0% used [0x0000000726000000,0x0000000726000000,0x0000000727500000)
 ParOldGen       total 185856K, used 7021K [0x00000005c2000000, 0x00000005cd580000, 0x0000000716000000)
  object space 185856K, 3% used [0x00000005c2000000,0x00000005c26db460,0x00000005cd580000)
 Metaspace       used 20653K, capacity 21108K, committed 21248K, reserved 1067008K
  class space    used 2670K, capacity 2799K, committed 2816K, reserved 1048576K
}
Event: 2.043 GC heap before
{Heap before GC invocations=4 (full 1):
 PSYoungGen      total 283648K, used 233468K [0x0000000716000000, 0x0000000728a00000, 0x00000007c0000000)
  eden space 262144K, 89% used [0x0000000716000000,0x00000007243ff2a0,0x0000000726000000)
  from space 21504K, 0% used [0x0000000727500000,0x0000000727500000,0x0000000728a00000)
  to   space 21504K, 0% used [0x0000000726000000,0x0000000726000000,0x0000000727500000)
 ParOldGen       total 185856K, used 7021K [0x00000005c2000000, 0x00000005cd580000, 0x0000000716000000)
  object space 185856K, 3% used [0x00000005c2000000,0x00000005c26db460,0x00000005cd580000)
 Metaspace       used 34010K, capacity 35353K, committed 35416K, reserved 1079296K
  class space    used 4365K, capacity 4633K, committed 4696K, reserved 1048576K
Event: 2.053 GC heap after
Heap after GC invocations=4 (full 1):
 PSYoungGen      total 283648K, used 17678K [0x0000000716000000, 0x0000000731d80000, 0x00000007c0000000)
  eden space 262144K, 0% used [0x0000000716000000,0x0000000716000000,0x0000000726000000)
  from space 21504K, 82% used [0x0000000726000000,0x0000000727143af0,0x0000000727500000)
  to   space 21504K, 0% used [0x0000000730880000,0x0000000730880000,0x0000000731d80000)
 ParOldGen       total 185856K, used 7093K [0x00000005c2000000, 0x00000005cd580000, 0x0000000716000000)
  object space 185856K, 3% used [0x00000005c2000000,0x00000005c26ed470,0x00000005cd580000)
 Metaspace       used 34010K, capacity 35353K, committed 35416K, reserved 1079296K
  class space    used 4365K, capacity 4633K, committed 4696K, reserved 1048576K
}
Event: 2.053 GC heap before
{Heap before GC invocations=5 (full 2):
 PSYoungGen      total 283648K, used 17678K [0x0000000716000000, 0x0000000731d80000, 0x00000007c0000000)
  eden space 262144K, 0% used [0x0000000716000000,0x0000000716000000,0x0000000726000000)
  from space 21504K, 82% used [0x0000000726000000,0x0000000727143af0,0x0000000727500000)
  to   space 21504K, 0% used [0x0000000730880000,0x0000000730880000,0x0000000731d80000)
 ParOldGen       total 185856K, used 7093K [0x00000005c2000000, 0x00000005cd580000, 0x0000000716000000)
  object space 185856K, 3% used [0x00000005c2000000,0x00000005c26ed470,0x00000005cd580000)
 Metaspace       used 34010K, capacity 35353K, committed 35416K, reserved 1079296K
  class space    used 4365K, capacity 4633K, committed 4696K, reserved 1048576K
Event: 2.081 GC heap after
Heap after GC invocations=5 (full 2):
 PSYoungGen      total 283648K, used 0K [0x0000000716000000, 0x0000000731d80000, 0x00000007c0000000)
  eden space 262144K, 0% used [0x0000000716000000,0x0000000716000000,0x0000000726000000)
  from space 21504K, 0% used [0x0000000726000000,0x0000000726000000,0x0000000727500000)
  to   space 21504K, 0% used [0x0000000730880000,0x0000000730880000,0x0000000731d80000)
 ParOldGen       total 185856K, used 21472K [0x00000005c2000000, 0x00000005cd580000, 0x0000000716000000)
  object space 185856K, 11% used [0x00000005c2000000,0x00000005c34f80c8,0x00000005cd580000)
 Metaspace       used 34010K, capacity 35353K, committed 35416K, reserved 1079296K
  class space    used 4365K, capacity 4633K, committed 4696K, reserved 1048576K
}

Deoptimization events (10 events):
Event: 2.818 Thread 0x000000002ad49800 Uncommon trap: reason=class_check action=maybe_recompile pc=0x000000000434a3c8 method=org.springframework.core.annotation.AnnotatedElementUtils.searchWithFindSemantics(Ljava/lang/reflect/AnnotatedElement;Ljava/util/Set;Ljava/lang/String;Ljava/lang/Class;L
Event: 2.818 Thread 0x000000002ad49800 Uncommon trap: reason=class_check action=maybe_recompile pc=0x000000000434a3c8 method=org.springframework.core.annotation.AnnotatedElementUtils.searchWithFindSemantics(Ljava/lang/reflect/AnnotatedElement;Ljava/util/Set;Ljava/lang/String;Ljava/lang/Class;L
Event: 2.818 Thread 0x000000002ad49800 Uncommon trap: reason=class_check action=maybe_recompile pc=0x000000000434a3c8 method=org.springframework.core.annotation.AnnotatedElementUtils.searchWithFindSemantics(Ljava/lang/reflect/AnnotatedElement;Ljava/util/Set;Ljava/lang/String;Ljava/lang/Class;L
Event: 2.818 Thread 0x000000002ad49800 Uncommon trap: reason=class_check action=maybe_recompile pc=0x000000000434a3c8 method=org.springframework.core.annotation.AnnotatedElementUtils.searchWithFindSemantics(Ljava/lang/reflect/AnnotatedElement;Ljava/util/Set;Ljava/lang/String;Ljava/lang/Class;L
Event: 2.842 Thread 0x000000002ad49800 Uncommon trap: reason=unstable_if action=reinterpret pc=0x0000000003980cf8 method=java.util.HashMap.getNode(ILjava/lang/Object;)Ljava/util/HashMap$Node; @ 84
Event: 2.843 Thread 0x000000002ad49800 Uncommon trap: reason=unstable_if action=reinterpret pc=0x000000000397ece0 method=java.util.HashMap.getNode(ILjava/lang/Object;)Ljava/util/HashMap$Node; @ 84
Event: 2.844 Thread 0x000000002ad49800 Uncommon trap: reason=unstable_if action=reinterpret pc=0x00000000041c35ec method=java.util.concurrent.ConcurrentHashMap.get(Ljava/lang/Object;)Ljava/lang/Object; @ 86
Event: 2.846 Thread 0x000000002ad49800 Uncommon trap: reason=unstable_if action=reinterpret pc=0x000000000398be48 method=java.util.concurrent.ConcurrentHashMap.transfer([Ljava/util/concurrent/ConcurrentHashMap$Node;[Ljava/util/concurrent/ConcurrentHashMap$Node;)V @ 356
Event: 2.846 Thread 0x000000002ad49800 Uncommon trap: reason=unstable_if action=reinterpret pc=0x000000000392d304 method=java.util.concurrent.ConcurrentHashMap.transfer([Ljava/util/concurrent/ConcurrentHashMap$Node;[Ljava/util/concurrent/ConcurrentHashMap$Node;)V @ 356
Event: 3.047 Thread 0x000000002ad49800 Uncommon trap: reason=unstable_if action=reinterpret pc=0x00000000044c8d14 method=org.springframework.beans.factory.support.AbstractBeanFactory.isTypeMatch(Ljava/lang/String;Lorg/springframework/core/ResolvableType;)Z @ 66

Classes redefined (0 events):
No events

Internal exceptions (10 events):
Event: 2.872 Thread 0x000000002ad49800 Exception <a 'java/lang/ClassNotFoundException': java/lang/ObjectCustomizer> (0x000000071e5342b8) thrown at [C:\re\workspace\8-2-build-windows-amd64-cygwin\jdk8u201\12322\hotspot\src\share\vm\classfile\systemDictionary.cpp, line 210]
Event: 2.873 Thread 0x000000002ad49800 Exception <a 'java/lang/ClassNotFoundException': org/springframework/security/config/annotation/web/configuration/WebSecurityConfigurationCustomizer> (0x000000071e55b148) thrown at [C:\re\workspace\8-2-build-windows-amd64-cygwin\jdk8u201\12322\hotspot\src
Event: 2.873 Thread 0x000000002ad49800 Exception <a 'java/lang/ClassNotFoundException': org/springframework/security/config/annotation/web/configuration/WebSecurityConfiguration$$EnhancerBySpringCGLIB$$f9a41a7aCustomizer> (0x000000071e593968) thrown at [C:\re\workspace\8-2-build-windows-amd64-
Event: 2.874 Thread 0x000000002ad49800 Exception <a 'java/lang/ClassNotFoundException': org/springframework/context/annotation/ConfigurationClassEnhancer$EnhancedConfigurationCustomizer> (0x000000071e5c2670) thrown at [C:\re\workspace\8-2-build-windows-amd64-cygwin\jdk8u201\12322\hotspot\src\s
Event: 2.874 Thread 0x000000002ad49800 Exception <a 'java/lang/ClassNotFoundException': org/springframework/beans/factory/BeanFactoryAwareCustomizer> (0x000000071e5dac40) thrown at [C:\re\workspace\8-2-build-windows-amd64-cygwin\jdk8u201\12322\hotspot\src\share\vm\classfile\systemDictionary.cp
Event: 2.874 Thread 0x000000002ad49800 Exception <a 'java/lang/ClassNotFoundException': org/springframework/beans/factory/AwareCustomizer> (0x000000071e5f1278) thrown at [C:\re\workspace\8-2-build-windows-amd64-cygwin\jdk8u201\12322\hotspot\src\share\vm\classfile\systemDictionary.cpp, line 210
Event: 2.875 Thread 0x000000002ad49800 Exception <a 'java/lang/ClassNotFoundException': org/springframework/context/annotation/ImportAwareCustomizer> (0x000000071e6096f8) thrown at [C:\re\workspace\8-2-build-windows-amd64-cygwin\jdk8u201\12322\hotspot\src\share\vm\classfile\systemDictionary.cp
Event: 2.875 Thread 0x000000002ad49800 Exception <a 'java/lang/ClassNotFoundException': org/springframework/beans/factory/AwareCustomizer> (0x000000071e61f918) thrown at [C:\re\workspace\8-2-build-windows-amd64-cygwin\jdk8u201\12322\hotspot\src\share\vm\classfile\systemDictionary.cpp, line 210
Event: 2.875 Thread 0x000000002ad49800 Exception <a 'java/lang/ClassNotFoundException': org/springframework/beans/factory/BeanClassLoaderAwareCustomizer> (0x000000071e638f08) thrown at [C:\re\workspace\8-2-build-windows-amd64-cygwin\jdk8u201\12322\hotspot\src\share\vm\classfile\systemDictionar
Event: 2.875 Thread 0x000000002ad49800 Exception <a 'java/lang/ClassNotFoundException': org/springframework/beans/factory/AwareCustomizer> (0x000000071e64f108) thrown at [C:\re\workspace\8-2-build-windows-amd64-cygwin\jdk8u201\12322\hotspot\src\share\vm\classfile\systemDictionary.cpp, line 210

Events (10 events):
Event: 3.057 loading class org/springframework/web/method/annotation/ModelAttributeMethodProcessor$FieldAwareConstructorParameter
Event: 3.057 loading class org/springframework/web/method/annotation/ModelAttributeMethodProcessor$FieldAwareConstructorParameter done
Event: 3.057 Executing VM operation: Deoptimize
Event: 3.058 Executing VM operation: Deoptimize done
Event: 3.058 loading class org/springframework/validation/DataBinder
Event: 3.058 loading class org/springframework/validation/DataBinder done
Event: 3.058 Executing VM operation: Deoptimize
Event: 3.059 Executing VM operation: Deoptimize done
Event: 3.059 loading class org/springframework/web/bind/WebDataBinder
Event: 3.059 loading class org/springframework/web/bind/WebDataBinder done


Dynamic libraries:
0x00007ff7cc890000 - 0x00007ff7cc8c7000 	C:\Program Files\Java\jdk1.8.0_201\bin\java.exe
0x00007ffd12020000 - 0x00007ffd12210000 	C:\WINDOWS\SYSTEM32\ntdll.dll
0x00007ffd105d0000 - 0x00007ffd10682000 	C:\WINDOWS\System32\KERNEL32.DLL
0x00007ffd0f890000 - 0x00007ffd0fb33000 	C:\WINDOWS\System32\KERNELBASE.dll
0x00007ffd11090000 - 0x00007ffd11133000 	C:\WINDOWS\System32\ADVAPI32.dll
0x00007ffd11150000 - 0x00007ffd111ee000 	C:\WINDOWS\System32\msvcrt.dll
0x00007ffd10cb0000 - 0x00007ffd10d47000 	C:\WINDOWS\System32\sechost.dll
0x00007ffd103f0000 - 0x00007ffd10510000 	C:\WINDOWS\System32\RPCRT4.dll
0x00007ffd10ef0000 - 0x00007ffd11083000 	C:\WINDOWS\System32\USER32.dll
0x00007ffd0f780000 - 0x00007ffd0f7a1000 	C:\WINDOWS\System32\win32u.dll
0x00007ffd11e90000 - 0x00007ffd11eb6000 	C:\WINDOWS\System32\GDI32.dll
0x00007ffd0ff30000 - 0x00007ffd100c4000 	C:\WINDOWS\System32\gdi32full.dll
0x00007ffd0fc90000 - 0x00007ffd0fd2e000 	C:\WINDOWS\System32\msvcp_win.dll
0x00007ffd0fd30000 - 0x00007ffd0fe2a000 	C:\WINDOWS\System32\ucrtbase.dll
0x00007ffd02410000 - 0x00007ffd02695000 	C:\WINDOWS\WinSxS\amd64_microsoft.windows.common-controls_6595b64144ccf1df_6.0.18362.295_none_e6c3acbd13101292\COMCTL32.dll
0x00007ffd11330000 - 0x00007ffd11666000 	C:\WINDOWS\System32\combase.dll
0x00007ffd0f7b0000 - 0x00007ffd0f830000 	C:\WINDOWS\System32\bcryptPrimitives.dll
0x00007ffd11220000 - 0x00007ffd1124e000 	C:\WINDOWS\System32\IMM32.DLL
0x00000000500e0000 - 0x00000000501b1000 	C:\Program Files\Java\jdk1.8.0_201\jre\bin\msvcr100.dll
0x0000000076f90000 - 0x0000000077834000 	C:\Program Files\Java\jdk1.8.0_201\jre\bin\server\jvm.dll
0x00007ffd111f0000 - 0x00007ffd111f8000 	C:\WINDOWS\System32\PSAPI.DLL
0x00007ffd04940000 - 0x00007ffd04949000 	C:\WINDOWS\SYSTEM32\WSOCK32.dll
0x00007ffd0b6d0000 - 0x00007ffd0b6da000 	C:\WINDOWS\SYSTEM32\VERSION.dll
0x00007ffd05f80000 - 0x00007ffd05fa4000 	C:\WINDOWS\SYSTEM32\WINMM.dll
0x00007ffd11250000 - 0x00007ffd112bf000 	C:\WINDOWS\System32\WS2_32.dll
0x00007ffd05730000 - 0x00007ffd0575d000 	C:\WINDOWS\SYSTEM32\winmmbase.dll
0x00007ffd0f730000 - 0x00007ffd0f77a000 	C:\WINDOWS\System32\cfgmgr32.dll
0x00007ffd01df0000 - 0x00007ffd01dff000 	C:\Program Files\Java\jdk1.8.0_201\jre\bin\verify.dll
0x00007ffcf2b10000 - 0x00007ffcf2b39000 	C:\Program Files\Java\jdk1.8.0_201\jre\bin\java.dll
0x00007ffd0b1a0000 - 0x00007ffd0b1c3000 	C:\Program Files\Java\jdk1.8.0_201\jre\bin\instrument.dll
0x00007ffcf7cb0000 - 0x00007ffcf7cc6000 	C:\Program Files\Java\jdk1.8.0_201\jre\bin\zip.dll
0x00007ffd117a0000 - 0x00007ffd11e82000 	C:\WINDOWS\System32\SHELL32.dll
0x00007ffd11ed0000 - 0x00007ffd11f79000 	C:\WINDOWS\System32\shcore.dll
0x00007ffd0efb0000 - 0x00007ffd0f72c000 	C:\WINDOWS\System32\windows.storage.dll
0x00007ffd0ef70000 - 0x00007ffd0ef8f000 	C:\WINDOWS\System32\profapi.dll
0x00007ffd0ef00000 - 0x00007ffd0ef4a000 	C:\WINDOWS\System32\powrprof.dll
0x00007ffd0eef0000 - 0x00007ffd0ef00000 	C:\WINDOWS\System32\UMPDC.dll
0x00007ffd11f80000 - 0x00007ffd11fd2000 	C:\WINDOWS\System32\shlwapi.dll
0x00007ffd0ef90000 - 0x00007ffd0efa1000 	C:\WINDOWS\System32\kernel.appcore.dll
0x00007ffd0fe60000 - 0x00007ffd0fe77000 	C:\WINDOWS\System32\cryptsp.dll
0x00007ffd0b9e0000 - 0x00007ffd0b9fa000 	C:\Program Files\JetBrains\IntelliJ IDEA Community Edition 2019.2.1\bin\breakgen64.dll
0x00007ffcf75e0000 - 0x00007ffcf75fa000 	C:\Program Files\Java\jdk1.8.0_201\jre\bin\net.dll
0x00007ffd06f70000 - 0x00007ffd07146000 	C:\WINDOWS\SYSTEM32\urlmon.dll
0x00007ffd06650000 - 0x00007ffd068f6000 	C:\WINDOWS\SYSTEM32\iertutil.dll
0x00007ffd0e8d0000 - 0x00007ffd0e8dc000 	C:\WINDOWS\SYSTEM32\CRYPTBASE.DLL
0x00007ffd0e700000 - 0x00007ffd0e767000 	C:\WINDOWS\system32\mswsock.dll
0x00007ffd0b2a0000 - 0x00007ffd0b2ad000 	C:\Program Files\Java\jdk1.8.0_201\jre\bin\management.dll
0x00007ffd05ba0000 - 0x00007ffd05bb6000 	C:\WINDOWS\system32\napinsp.dll
0x00007ffd05b80000 - 0x00007ffd05b9a000 	C:\WINDOWS\system32\pnrpnsp.dll
0x00007ffd0e450000 - 0x00007ffd0e51a000 	C:\WINDOWS\SYSTEM32\DNSAPI.dll
0x00007ffd11ec0000 - 0x00007ffd11ec8000 	C:\WINDOWS\System32\NSI.dll
0x00007ffd0e410000 - 0x00007ffd0e44a000 	C:\WINDOWS\SYSTEM32\IPHLPAPI.DLL
0x00007ffd05b70000 - 0x00007ffd05b7e000 	C:\WINDOWS\System32\winrnr.dll
0x00007ffd0b170000 - 0x00007ffd0b18c000 	C:\WINDOWS\system32\NLAapi.dll
0x00007ffd05b50000 - 0x00007ffd05b65000 	C:\WINDOWS\system32\wshbth.dll
0x00007ffd08ec0000 - 0x00007ffd08eca000 	C:\Windows\System32\rasadhlp.dll
0x00007ffd0a360000 - 0x00007ffd0a3d7000 	C:\WINDOWS\System32\fwpuclnt.dll
0x00007ffd0fe30000 - 0x00007ffd0fe56000 	C:\WINDOWS\System32\bcrypt.dll
0x00007ffcf7500000 - 0x00007ffcf7511000 	C:\Program Files\Java\jdk1.8.0_201\jre\bin\nio.dll
0x00007ffd0e270000 - 0x00007ffd0e2a3000 	C:\WINDOWS\system32\rsaenh.dll
0x00007ffd0ee10000 - 0x00007ffd0ee35000 	C:\WINDOWS\SYSTEM32\USERENV.dll
0x00007ffd0ad70000 - 0x00007ffd0ad86000 	C:\WINDOWS\SYSTEM32\dhcpcsvc6.DLL
0x00007ffd0ac90000 - 0x00007ffd0acac000 	C:\WINDOWS\SYSTEM32\dhcpcsvc.DLL

VM Arguments:
jvm_args: -javaagent:C:\Program Files\JetBrains\IntelliJ IDEA Community Edition 2019.2.1\lib\idea_rt.jar=59661:C:\Program Files\JetBrains\IntelliJ IDEA Community Edition 2019.2.1\bin -Dfile.encoding=UTF-8 
java_command: com.restapi.smart.SmartApplication
java_class_path (initial): C:\Program Files\Java\jdk1.8.0_201\jre\lib\charsets.jar;C:\Program Files\Java\jdk1.8.0_201\jre\lib\deploy.jar;C:\Program Files\Java\jdk1.8.0_201\jre\lib\ext\access-bridge-64.jar;C:\Program Files\Java\jdk1.8.0_201\jre\lib\ext\cldrdata.jar;C:\Program Files\Java\jdk1.8.0_201\jre\lib\ext\dnsns.jar;C:\Program Files\Java\jdk1.8.0_201\jre\lib\ext\jaccess.jar;C:\Program Files\Java\jdk1.8.0_201\jre\lib\ext\jfxrt.jar;C:\Program Files\Java\jdk1.8.0_201\jre\lib\ext\localedata.jar;C:\Program Files\Java\jdk1.8.0_201\jre\lib\ext\nashorn.jar;C:\Program Files\Java\jdk1.8.0_201\jre\lib\ext\sunec.jar;C:\Program Files\Java\jdk1.8.0_201\jre\lib\ext\sunjce_provider.jar;C:\Program Files\Java\jdk1.8.0_201\jre\lib\ext\sunmscapi.jar;C:\Program Files\Java\jdk1.8.0_201\jre\lib\ext\sunpkcs11.jar;C:\Program Files\Java\jdk1.8.0_201\jre\lib\ext\zipfs.jar;C:\Program Files\Java\jdk1.8.0_201\jre\lib\javaws.jar;C:\Program Files\Java\jdk1.8.0_201\jre\lib\jce.jar;C:\Program Files\Java\jdk1.8.0_201\jre\lib\jfr.jar;C:\Program Files\Java\jdk1.8.0_201\jre\lib\jfxswt.jar;C:\Program Files\Java\jdk1.8.0_201\jre\lib\jsse.jar;C:\Program Files\Java\jdk1.8.0_201\jre\lib\management-agent.jar;C:\Program Files\Java\jdk1.8.0_201\jre\lib\plugin.jar;C:\Program Files\Java\jdk1.8.0_201\jre\lib\resources.jar;C:\Program Files\Java\jdk1.8.0_201\jre\lib\rt.jar;C:\Dev50\workspace_intellij\apiSmartBD\target\classes;C:\Users\ksm02\.m2\repository\org\springframework\boot\spring-boot-starter-jdbc\2.1.4.RELEASE\spring-boot-starter-jdbc-2.1.4.RELEASE.jar;C:\Users\ksm02\.m2\repository\org\springframework\boot\spring-boot-starter\2.1.4.RELEASE\spring-boot-starter-2.1.4.RELEASE.jar;C:\Users\ksm02\.m2\repository\org\springframework\boot\spring-boot-starter-logging\2.1.4.RELEASE\spring-boot-starter-logging-2.1.4.RELEASE.jar;C:\Users\ksm02\.m2\repository\ch\qos\logback\logback-classic\1.2.3\logback-classic-1.2.3.jar;C:\Users\ksm02\.m2\repository\ch\qos\logback\logback-core\1.2.3\logback-core-1.2.3.jar;C:\Users
Launcher Type: SUN_STANDARD

Environment Variables:
PATH=C:\oraclexe\app\oracle\product\11.2.0\server\bin;C:\Program Files (x86)\Common Files\Oracle\Java\javapath;C:\WINDOWS\system32;C:\WINDOWS;C:\WINDOWS\System32\Wbem;C:\WINDOWS\System32\WindowsPowerShell\v1.0\;C:\WINDOWS\System32\OpenSSH\;C:\Program Files\Java\jdk1.8.0_201\bin;C:\Program Files\Geth;C:\Program Files\nodejs\;C:\Program Files\Git\cmd;D:\Dev50\Anaconda3;D:\Dev50\Anaconda3\Scripts;C:\Users\ksm02\AppData\Local\Microsoft\WindowsApps;C:\Program Files\Bandizip\;C:\Users\ksm02\AppData\Roaming\npm;C:\Programs\Microsoft VS Code\bin;
USERNAME=ksm02
OS=Windows_NT
PROCESSOR_IDENTIFIER=Intel64 Family 6 Model 158 Stepping 10, GenuineIntel



---------------  S Y S T E M  ---------------

OS: Windows 10.0 , 64 bit Build 18362 (10.0.18362.86)

CPU:total 12 (initial active 12) (6 cores per cpu, 2 threads per core) family 6 model 158 stepping 10, cmov, cx8, fxsr, mmx, sse, sse2, sse3, ssse3, sse4.1, sse4.2, popcnt, avx, avx2, aes, clmul, erms, rtm, 3dnowpref, lzcnt, ht, tsc, tscinvbit, bmi1, bmi2, adx

Memory: 4k page, physical 33423320k(2311216k free), swap 62588920k(5384k free)

vm_info: Java HotSpot(TM) 64-Bit Server VM (25.201-b09) for windows-amd64 JRE (1.8.0_201-b09), built on Dec 15 2018 18:36:39 by "java_re" with MS VC++ 10.0 (VS2010)

time: Wed Sep 04 10:17:35 2019
timezone: 대한민국 표준시
elapsed time: 3 seconds (0d 0h 0m 3s)

