#
# There is insufficient memory for the Java Runtime Environment to continue.
# Native memory allocation (malloc) failed to allocate 1324336 bytes for Chunk::new
# Possible reasons:
#   The system is out of physical RAM or swap space
#   The process is running with CompressedOops enabled, and the Java Heap may be blocking the growth of the native heap
# Possible solutions:
#   Reduce memory load on the system
#   Increase physical memory or swap space
#   Check if swap backing store is full
#   Decrease Java heap size (-Xmx/-Xms)
#   Decrease number of Java threads
#   Decrease Java thread stack sizes (-Xss)
#   Set larger code cache with -XX:ReservedCodeCacheSize=
#   JVM is running with Zero Based Compressed Oops mode in which the Java heap is
#     placed in the first 32GB address space. The Java Heap base address is the
#     maximum limit for the native heap growth. Please use -XX:HeapBaseMinAddress
#     to set the Java Heap base and to place the Java Heap above 32GB virtual address.
# This output file may be truncated or incomplete.
#
#  Out of Memory Error (allocation.cpp:390), pid=14808, tid=0x000000000000319c
#
# JRE version: Java(TM) SE Runtime Environment (8.0_201-b09) (build 1.8.0_201-b09)
# Java VM: Java HotSpot(TM) 64-Bit Server VM (25.201-b09 mixed mode windows-amd64 compressed oops)
# Failed to write core dump. Minidumps are not enabled by default on client versions of Windows
#

---------------  T H R E A D  ---------------

Current thread (0x0000000028cc9800):  JavaThread "C2 CompilerThread0" daemon [_thread_in_native, id=12700, stack(0x0000000029550000,0x0000000029650000)]

Stack: [0x0000000029550000,0x0000000029650000]
[error occurred during error reporting (printing stack bounds), id 0xc0000005]

Native frames: (J=compiled Java code, j=interpreted, Vv=VM code, C=native code)


Current CompileTask:
C2:   3251 4195   !   4       org.springframework.util.ReflectionUtils::doWithMethods (176 bytes)


---------------  P R O C E S S  ---------------

Java Threads: ( => current thread )
  0x000000002d754800 JavaThread "container-0" [_thread_blocked, id=7672, stack(0x0000000031c30000,0x0000000031d30000)]
  0x000000002d753800 JavaThread "Catalina-utility-2" [_thread_blocked, id=6968, stack(0x0000000031690000,0x0000000031790000)]
  0x000000002d16a000 JavaThread "Catalina-utility-1" [_thread_blocked, id=11936, stack(0x000000002ddb0000,0x000000002deb0000)]
  0x0000000029cf3800 JavaThread "restartedMain" [_thread_in_native, id=17216, stack(0x000000002ad00000,0x000000002ae00000)]
  0x000000002a67e800 JavaThread "Thread-0" [_thread_blocked, id=16688, stack(0x000000002ac00000,0x000000002ad00000)]
  0x0000000028d67800 JavaThread "Service Thread" daemon [_thread_blocked, id=9536, stack(0x0000000029950000,0x0000000029a50000)]
  0x0000000028cce000 JavaThread "C1 CompilerThread3" daemon [_thread_blocked, id=14744, stack(0x0000000029850000,0x0000000029950000)]
  0x0000000028ccd000 JavaThread "C2 CompilerThread2" daemon [_thread_in_native, id=3100, stack(0x0000000029750000,0x0000000029850000)]
  0x0000000028cca000 JavaThread "C2 CompilerThread1" daemon [_thread_in_native, id=15392, stack(0x0000000029650000,0x0000000029750000)]
=>0x0000000028cc9800 JavaThread "C2 CompilerThread0" daemon [_thread_in_native, id=12700, stack(0x0000000029550000,0x0000000029650000)]
  0x0000000028ca7800 JavaThread "Monitor Ctrl-Break" daemon [_thread_in_native, id=1736, stack(0x0000000029450000,0x0000000029550000)]
  0x0000000025f8a000 JavaThread "Attach Listener" daemon [_thread_blocked, id=2100, stack(0x0000000028b50000,0x0000000028c50000)]
  0x0000000027678000 JavaThread "Signal Dispatcher" daemon [_thread_blocked, id=9408, stack(0x0000000028a50000,0x0000000028b50000)]
  0x0000000025f82800 JavaThread "Finalizer" daemon [_thread_blocked, id=8624, stack(0x00000000288c0000,0x00000000289c0000)]
  0x0000000027653000 JavaThread "Reference Handler" daemon [_thread_blocked, id=6192, stack(0x00000000287c0000,0x00000000288c0000)]
  0x0000000002ca6800 JavaThread "main" [_thread_blocked, id=14992, stack(0x0000000002aa0000,0x0000000002ba0000)]

Other Threads:
  0x0000000002d9c800 VMThread [stack: 0x00000000286c0000,0x00000000287c0000] [id=1700]
  0x0000000028e2e800 WatcherThread [stack: 0x0000000029a50000,0x0000000029b50000] [id=6204]

VM state:not at safepoint (normal execution)

VM Mutex/Monitor currently owned by a thread:  ([mutex/lock_event])
[0x00000000026dccf0] SymbolTable_lock - owner thread: 0x0000000000000000

heap address: 0x00000005c2000000, size: 8160 MB, Compressed Oops mode: Zero based, Oop shift amount: 3
Narrow klass base: 0x0000000000000000, Narrow klass shift: 3
Compressed class space size: 1073741824 Address: 0x00000007c0000000

Heap:
 PSYoungGen      total 283648K, used 179930K [0x0000000716000000, 0x0000000728a00000, 0x00000007c0000000)
  eden space 262144K, 68% used [0x0000000716000000,0x0000000720fb6958,0x0000000726000000)
  from space 21504K, 0% used [0x0000000726000000,0x0000000726000000,0x0000000727500000)
  to   space 21504K, 0% used [0x0000000727500000,0x0000000727500000,0x0000000728a00000)
 ParOldGen       total 300032K, used 21431K [0x00000005c2000000, 0x00000005d4500000, 0x0000000716000000)
  object space 300032K, 7% used [0x00000005c2000000,0x00000005c34edf00,0x00000005d4500000)
 Metaspace       used 45380K, capacity 47151K, committed 47408K, reserved 1091584K
  class space    used 5833K, capacity 6176K, committed 6192K, reserved 1048576K

Card table byte_map: [0x0000000012160000,0x0000000013160000] byte_map_base: 0x000000000f350000

Marking Bits: (ParMarkBitMap*) 0x00000000777b4ce0
 Begin Bits: [0x0000000014600000, 0x000000001c580000)
 End Bits:   [0x000000001c580000, 0x0000000024500000)

Polling page: 0x00000000003e0000

CodeCache: size=245760Kb used=16870Kb max_used=16870Kb free=228889Kb
 bounds [0x0000000002da0000, 0x0000000003e30000, 0x0000000011da0000]
 total_blobs=4865 nmethods=4379 adapters=395
 compilation: enabled

Compilation events (10 events):
Event: 3.237 Thread 0x0000000028cca000 nmethod 4328 0x0000000003e16d10 code [0x0000000003e16e60, 0x0000000003e17298]
Event: 3.238 Thread 0x0000000028cce000 4389       3       org.springframework.util.MimeType::isWildcardType (10 bytes)
Event: 3.239 Thread 0x0000000028cce000 nmethod 4389 0x0000000003e08210 code [0x0000000003e08380, 0x0000000003e08628]
Event: 3.239 Thread 0x0000000028cce000 4388       1       org.springframework.util.MimeType::getSubtype (5 bytes)
Event: 3.239 Thread 0x0000000028cce000 nmethod 4388 0x0000000003de4a10 code [0x0000000003de4b60, 0x0000000003de4c70]
Event: 3.239 Thread 0x0000000028cce000 4390       3       org.springframework.aop.support.StaticMethodMatcherPointcut::getMethodMatcher (2 bytes)
Event: 3.239 Thread 0x0000000028cce000 nmethod 4390 0x0000000003de46d0 code [0x0000000003de4820, 0x0000000003de4970]
Event: 3.239 Thread 0x0000000028cca000 4391   !   4       org.springframework.core.annotation.AnnotationUtils::findAnnotation (101 bytes)
Event: 3.240 Thread 0x0000000028cce000 4395       3       org.springframework.beans.factory.support.AbstractAutowireCapableBeanFactory::applyBeanPostProcessorsAfterInitialization (61 bytes)
Event: 3.240 Thread 0x0000000028cce000 nmethod 4395 0x0000000003de3bd0 code [0x0000000003de3d80, 0x0000000003de4498]

GC Heap History (10 events):
Event: 0.861 GC heap before
{Heap before GC invocations=1 (full 0):
 PSYoungGen      total 152576K, used 131072K [0x0000000716000000, 0x0000000720a00000, 0x00000007c0000000)
  eden space 131072K, 100% used [0x0000000716000000,0x000000071e000000,0x000000071e000000)
  from space 21504K, 0% used [0x000000071f500000,0x000000071f500000,0x0000000720a00000)
  to   space 21504K, 0% used [0x000000071e000000,0x000000071e000000,0x000000071f500000)
 ParOldGen       total 348160K, used 0K [0x00000005c2000000, 0x00000005d7400000, 0x0000000716000000)
  object space 348160K, 0% used [0x00000005c2000000,0x00000005c2000000,0x00000005d7400000)
 Metaspace       used 17872K, capacity 18352K, committed 18688K, reserved 1064960K
  class space    used 2312K, capacity 2455K, committed 2560K, reserved 1048576K
Event: 0.871 GC heap after
Heap after GC invocations=1 (full 0):
 PSYoungGen      total 152576K, used 14254K [0x0000000716000000, 0x0000000728a00000, 0x00000007c0000000)
  eden space 131072K, 0% used [0x0000000716000000,0x0000000716000000,0x000000071e000000)
  from space 21504K, 66% used [0x000000071e000000,0x000000071edebab0,0x000000071f500000)
  to   space 21504K, 0% used [0x0000000727500000,0x0000000727500000,0x0000000728a00000)
 ParOldGen       total 348160K, used 16K [0x00000005c2000000, 0x00000005d7400000, 0x0000000716000000)
  object space 348160K, 0% used [0x00000005c2000000,0x00000005c2004000,0x00000005d7400000)
 Metaspace       used 17872K, capacity 18352K, committed 18688K, reserved 1064960K
  class space    used 2312K, capacity 2455K, committed 2560K, reserved 1048576K
}
Event: 0.964 GC heap before
{Heap before GC invocations=2 (full 0):
 PSYoungGen      total 152576K, used 40625K [0x0000000716000000, 0x0000000728a00000, 0x00000007c0000000)
  eden space 131072K, 20% used [0x0000000716000000,0x00000007179c0a08,0x000000071e000000)
  from space 21504K, 66% used [0x000000071e000000,0x000000071edebab0,0x000000071f500000)
  to   space 21504K, 0% used [0x0000000727500000,0x0000000727500000,0x0000000728a00000)
 ParOldGen       total 348160K, used 16K [0x00000005c2000000, 0x00000005d7400000, 0x0000000716000000)
  object space 348160K, 0% used [0x00000005c2000000,0x00000005c2004000,0x00000005d7400000)
 Metaspace       used 20693K, capacity 21210K, committed 21296K, reserved 1067008K
  class space    used 2676K, capacity 2832K, committed 2864K, reserved 1048576K
Event: 0.970 GC heap after
Heap after GC invocations=2 (full 0):
 PSYoungGen      total 283648K, used 7200K [0x0000000716000000, 0x0000000728a00000, 0x00000007c0000000)
  eden space 262144K, 0% used [0x0000000716000000,0x0000000716000000,0x0000000726000000)
  from space 21504K, 33% used [0x0000000727500000,0x0000000727c083a0,0x0000000728a00000)
  to   space 21504K, 0% used [0x0000000726000000,0x0000000726000000,0x0000000727500000)
 ParOldGen       total 348160K, used 24K [0x00000005c2000000, 0x00000005d7400000, 0x0000000716000000)
  object space 348160K, 0% used [0x00000005c2000000,0x00000005c2006000,0x00000005d7400000)
 Metaspace       used 20693K, capacity 21210K, committed 21296K, reserved 1067008K
  class space    used 2676K, capacity 2832K, committed 2864K, reserved 1048576K
}
Event: 0.970 GC heap before
{Heap before GC invocations=3 (full 1):
 PSYoungGen      total 283648K, used 7200K [0x0000000716000000, 0x0000000728a00000, 0x00000007c0000000)
  eden space 262144K, 0% used [0x0000000716000000,0x0000000716000000,0x0000000726000000)
  from space 21504K, 33% used [0x0000000727500000,0x0000000727c083a0,0x0000000728a00000)
  to   space 21504K, 0% used [0x0000000726000000,0x0000000726000000,0x0000000727500000)
 ParOldGen       total 348160K, used 24K [0x00000005c2000000, 0x00000005d7400000, 0x0000000716000000)
  object space 348160K, 0% used [0x00000005c2000000,0x00000005c2006000,0x00000005d7400000)
 Metaspace       used 20693K, capacity 21210K, committed 21296K, reserved 1067008K
  class space    used 2676K, capacity 2832K, committed 2864K, reserved 1048576K
Event: 0.994 GC heap after
Heap after GC invocations=3 (full 1):
 PSYoungGen      total 283648K, used 0K [0x0000000716000000, 0x0000000728a00000, 0x00000007c0000000)
  eden space 262144K, 0% used [0x0000000716000000,0x0000000716000000,0x0000000726000000)
  from space 21504K, 0% used [0x0000000727500000,0x0000000727500000,0x0000000728a00000)
  to   space 21504K, 0% used [0x0000000726000000,0x0000000726000000,0x0000000727500000)
 ParOldGen       total 194560K, used 6977K [0x00000005c2000000, 0x00000005cde00000, 0x0000000716000000)
  object space 194560K, 3% used [0x00000005c2000000,0x00000005c26d0778,0x00000005cde00000)
 Metaspace       used 20691K, capacity 21204K, committed 21296K, reserved 1067008K
  class space    used 2675K, capacity 2831K, committed 2864K, reserved 1048576K
}
Event: 2.192 GC heap before
{Heap before GC invocations=4 (full 1):
 PSYoungGen      total 283648K, used 231000K [0x0000000716000000, 0x0000000728a00000, 0x00000007c0000000)
  eden space 262144K, 88% used [0x0000000716000000,0x0000000724196298,0x0000000726000000)
  from space 21504K, 0% used [0x0000000727500000,0x0000000727500000,0x0000000728a00000)
  to   space 21504K, 0% used [0x0000000726000000,0x0000000726000000,0x0000000727500000)
 ParOldGen       total 194560K, used 6977K [0x00000005c2000000, 0x00000005cde00000, 0x0000000716000000)
  object space 194560K, 3% used [0x00000005c2000000,0x00000005c26d0778,0x00000005cde00000)
 Metaspace       used 34030K, capacity 35405K, committed 35496K, reserved 1081344K
  class space    used 4361K, capacity 4656K, committed 4656K, reserved 1048576K
Event: 2.201 GC heap after
Heap after GC invocations=4 (full 1):
 PSYoungGen      total 283648K, used 17700K [0x0000000716000000, 0x0000000728a00000, 0x00000007c0000000)
  eden space 262144K, 0% used [0x0000000716000000,0x0000000716000000,0x0000000726000000)
  from space 21504K, 82% used [0x0000000726000000,0x0000000727149058,0x0000000727500000)
  to   space 21504K, 0% used [0x0000000727500000,0x0000000727500000,0x0000000728a00000)
 ParOldGen       total 194560K, used 7049K [0x00000005c2000000, 0x00000005cde00000, 0x0000000716000000)
  object space 194560K, 3% used [0x00000005c2000000,0x00000005c26e2788,0x00000005cde00000)
 Metaspace       used 34030K, capacity 35405K, committed 35496K, reserved 1081344K
  class space    used 4361K, capacity 4656K, committed 4656K, reserved 1048576K
}
Event: 2.201 GC heap before
{Heap before GC invocations=5 (full 2):
 PSYoungGen      total 283648K, used 17700K [0x0000000716000000, 0x0000000728a00000, 0x00000007c0000000)
  eden space 262144K, 0% used [0x0000000716000000,0x0000000716000000,0x0000000726000000)
  from space 21504K, 82% used [0x0000000726000000,0x0000000727149058,0x0000000727500000)
  to   space 21504K, 0% used [0x0000000727500000,0x0000000727500000,0x0000000728a00000)
 ParOldGen       total 194560K, used 7049K [0x00000005c2000000, 0x00000005cde00000, 0x0000000716000000)
  object space 194560K, 3% used [0x00000005c2000000,0x00000005c26e2788,0x00000005cde00000)
 Metaspace       used 34030K, capacity 35405K, committed 35496K, reserved 1081344K
  class space    used 4361K, capacity 4656K, committed 4656K, reserved 1048576K
Event: 2.226 GC heap after
Heap after GC invocations=5 (full 2):
 PSYoungGen      total 283648K, used 0K [0x0000000716000000, 0x0000000728a00000, 0x00000007c0000000)
  eden space 262144K, 0% used [0x0000000716000000,0x0000000716000000,0x0000000726000000)
  from space 21504K, 0% used [0x0000000726000000,0x0000000726000000,0x0000000727500000)
  to   space 21504K, 0% used [0x0000000727500000,0x0000000727500000,0x0000000728a00000)
 ParOldGen       total 300032K, used 21431K [0x00000005c2000000, 0x00000005d4500000, 0x0000000716000000)
  object space 300032K, 7% used [0x00000005c2000000,0x00000005c34edf00,0x00000005d4500000)
 Metaspace       used 34030K, capacity 35405K, committed 35496K, reserved 1081344K
  class space    used 4361K, capacity 4656K, committed 4656K, reserved 1048576K
}

Deoptimization events (10 events):
Event: 2.980 Thread 0x0000000029cf3800 Uncommon trap: reason=class_check action=maybe_recompile pc=0x0000000003bb5700 method=org.springframework.core.annotation.AnnotatedElementUtils.searchWithFindSemantics(Ljava/lang/reflect/AnnotatedElement;Ljava/util/Set;Ljava/lang/String;Ljava/lang/Class;L
Event: 2.980 Thread 0x0000000029cf3800 Uncommon trap: reason=class_check action=maybe_recompile pc=0x0000000003bb5700 method=org.springframework.core.annotation.AnnotatedElementUtils.searchWithFindSemantics(Ljava/lang/reflect/AnnotatedElement;Ljava/util/Set;Ljava/lang/String;Ljava/lang/Class;L
Event: 2.980 Thread 0x0000000029cf3800 Uncommon trap: reason=class_check action=maybe_recompile pc=0x0000000003bb5700 method=org.springframework.core.annotation.AnnotatedElementUtils.searchWithFindSemantics(Ljava/lang/reflect/AnnotatedElement;Ljava/util/Set;Ljava/lang/String;Ljava/lang/Class;L
Event: 3.005 Thread 0x0000000029cf3800 Uncommon trap: reason=unstable_if action=reinterpret pc=0x00000000031da9b8 method=java.util.HashMap.getNode(ILjava/lang/Object;)Ljava/util/HashMap$Node; @ 84
Event: 3.005 Thread 0x0000000029cf3800 Uncommon trap: reason=unstable_if action=reinterpret pc=0x00000000031dd9e0 method=java.util.HashMap.getNode(ILjava/lang/Object;)Ljava/util/HashMap$Node; @ 84
Event: 3.007 Thread 0x0000000029cf3800 Uncommon trap: reason=unstable_if action=reinterpret pc=0x000000000394a500 method=java.util.concurrent.ConcurrentHashMap.putVal(Ljava/lang/Object;Ljava/lang/Object;Z)Ljava/lang/Object; @ 331
Event: 3.007 Thread 0x0000000029cf3800 Uncommon trap: reason=unstable_if action=reinterpret pc=0x0000000003b22114 method=java.util.concurrent.ConcurrentHashMap.get(Ljava/lang/Object;)Ljava/lang/Object; @ 86
Event: 3.009 Thread 0x0000000029cf3800 Uncommon trap: reason=unstable_if action=reinterpret pc=0x000000000321f708 method=java.util.concurrent.ConcurrentHashMap.transfer([Ljava/util/concurrent/ConcurrentHashMap$Node;[Ljava/util/concurrent/ConcurrentHashMap$Node;)V @ 356
Event: 3.009 Thread 0x0000000029cf3800 Uncommon trap: reason=unstable_if action=reinterpret pc=0x00000000031a3744 method=java.util.concurrent.ConcurrentHashMap.transfer([Ljava/util/concurrent/ConcurrentHashMap$Node;[Ljava/util/concurrent/ConcurrentHashMap$Node;)V @ 356
Event: 3.209 Thread 0x0000000029cf3800 Uncommon trap: reason=unstable_if action=reinterpret pc=0x0000000003d86158 method=org.springframework.beans.factory.support.AbstractBeanFactory.isTypeMatch(Ljava/lang/String;Lorg/springframework/core/ResolvableType;)Z @ 66

Classes redefined (0 events):
No events

Internal exceptions (10 events):
Event: 3.034 Thread 0x0000000029cf3800 Exception <a 'java/lang/ClassNotFoundException': java/lang/ObjectCustomizer> (0x000000071e5cbe88) thrown at [C:\re\workspace\8-2-build-windows-amd64-cygwin\jdk8u201\12322\hotspot\src\share\vm\classfile\systemDictionary.cpp, line 210]
Event: 3.035 Thread 0x0000000029cf3800 Exception <a 'java/lang/ClassNotFoundException': org/springframework/security/config/annotation/web/configuration/WebSecurityConfigurationCustomizer> (0x000000071e5f2d18) thrown at [C:\re\workspace\8-2-build-windows-amd64-cygwin\jdk8u201\12322\hotspot\src
Event: 3.035 Thread 0x0000000029cf3800 Exception <a 'java/lang/ClassNotFoundException': org/springframework/security/config/annotation/web/configuration/WebSecurityConfiguration$$EnhancerBySpringCGLIB$$107e58a9Customizer> (0x000000071e62b568) thrown at [C:\re\workspace\8-2-build-windows-amd64-
Event: 3.036 Thread 0x0000000029cf3800 Exception <a 'java/lang/ClassNotFoundException': org/springframework/context/annotation/ConfigurationClassEnhancer$EnhancedConfigurationCustomizer> (0x000000071e659f78) thrown at [C:\re\workspace\8-2-build-windows-amd64-cygwin\jdk8u201\12322\hotspot\src\s
Event: 3.037 Thread 0x0000000029cf3800 Exception <a 'java/lang/ClassNotFoundException': org/springframework/beans/factory/BeanFactoryAwareCustomizer> (0x000000071e672548) thrown at [C:\re\workspace\8-2-build-windows-amd64-cygwin\jdk8u201\12322\hotspot\src\share\vm\classfile\systemDictionary.cp
Event: 3.037 Thread 0x0000000029cf3800 Exception <a 'java/lang/ClassNotFoundException': org/springframework/beans/factory/AwareCustomizer> (0x000000071e688b80) thrown at [C:\re\workspace\8-2-build-windows-amd64-cygwin\jdk8u201\12322\hotspot\src\share\vm\classfile\systemDictionary.cpp, line 210
Event: 3.037 Thread 0x0000000029cf3800 Exception <a 'java/lang/ClassNotFoundException': org/springframework/context/annotation/ImportAwareCustomizer> (0x000000071e6a1000) thrown at [C:\re\workspace\8-2-build-windows-amd64-cygwin\jdk8u201\12322\hotspot\src\share\vm\classfile\systemDictionary.cp
Event: 3.038 Thread 0x0000000029cf3800 Exception <a 'java/lang/ClassNotFoundException': org/springframework/beans/factory/AwareCustomizer> (0x000000071e6b7220) thrown at [C:\re\workspace\8-2-build-windows-amd64-cygwin\jdk8u201\12322\hotspot\src\share\vm\classfile\systemDictionary.cpp, line 210
Event: 3.038 Thread 0x0000000029cf3800 Exception <a 'java/lang/ClassNotFoundException': org/springframework/beans/factory/BeanClassLoaderAwareCustomizer> (0x000000071e6d0810) thrown at [C:\re\workspace\8-2-build-windows-amd64-cygwin\jdk8u201\12322\hotspot\src\share\vm\classfile\systemDictionar
Event: 3.038 Thread 0x0000000029cf3800 Exception <a 'java/lang/ClassNotFoundException': org/springframework/beans/factory/AwareCustomizer> (0x000000071e6e6a10) thrown at [C:\re\workspace\8-2-build-windows-amd64-cygwin\jdk8u201\12322\hotspot\src\share\vm\classfile\systemDictionary.cpp, line 210

Events (10 events):
Event: 3.243 loading class org/springframework/web/servlet/handler/AbstractHandlerMethodMapping$MappingRegistry
Event: 3.243 loading class org/springframework/web/servlet/handler/AbstractHandlerMethodMapping$MappingRegistry done
Event: 3.244 loading class org/springframework/web/servlet/mvc/method/RequestMappingInfoHandlerMethodMappingNamingStrategy
Event: 3.244 loading class org/springframework/web/servlet/mvc/method/RequestMappingInfoHandlerMethodMappingNamingStrategy done
Event: 3.244 loading class org/springframework/web/servlet/mvc/method/RequestMappingInfo$BuilderConfiguration
Event: 3.244 loading class org/springframework/web/servlet/mvc/method/RequestMappingInfo$BuilderConfiguration done
Event: 3.244 loading class org/springframework/core/OrderComparator$OrderSourceProvider
Event: 3.244 loading class org/springframework/core/OrderComparator$OrderSourceProvider done
Event: 3.244 loading class org/springframework/web/servlet/handler/ConversionServiceExposingInterceptor
Event: 3.244 loading class org/springframework/web/servlet/handler/ConversionServiceExposingInterceptor done


Dynamic libraries:
0x00007ff7cc890000 - 0x00007ff7cc8c7000 	C:\Program Files\Java\jdk1.8.0_201\bin\java.exe
0x00007ffd12020000 - 0x00007ffd12210000 	C:\WINDOWS\SYSTEM32\ntdll.dll
0x00007ffd105d0000 - 0x00007ffd10682000 	C:\WINDOWS\System32\KERNEL32.DLL
0x00007ffd0f890000 - 0x00007ffd0fb33000 	C:\WINDOWS\System32\KERNELBASE.dll
0x00007ffd11090000 - 0x00007ffd11133000 	C:\WINDOWS\System32\ADVAPI32.dll
0x00007ffd11150000 - 0x00007ffd111ee000 	C:\WINDOWS\System32\msvcrt.dll
0x00007ffd10cb0000 - 0x00007ffd10d47000 	C:\WINDOWS\System32\sechost.dll
0x00007ffd103f0000 - 0x00007ffd10510000 	C:\WINDOWS\System32\RPCRT4.dll
0x00007ffd10ef0000 - 0x00007ffd11083000 	C:\WINDOWS\System32\USER32.dll
0x00007ffd0f780000 - 0x00007ffd0f7a1000 	C:\WINDOWS\System32\win32u.dll
0x00007ffd11e90000 - 0x00007ffd11eb6000 	C:\WINDOWS\System32\GDI32.dll
0x00007ffd0ff30000 - 0x00007ffd100c4000 	C:\WINDOWS\System32\gdi32full.dll
0x00007ffd0fc90000 - 0x00007ffd0fd2e000 	C:\WINDOWS\System32\msvcp_win.dll
0x00007ffd0fd30000 - 0x00007ffd0fe2a000 	C:\WINDOWS\System32\ucrtbase.dll
0x00007ffd02410000 - 0x00007ffd02695000 	C:\WINDOWS\WinSxS\amd64_microsoft.windows.common-controls_6595b64144ccf1df_6.0.18362.295_none_e6c3acbd13101292\COMCTL32.dll
0x00007ffd11330000 - 0x00007ffd11666000 	C:\WINDOWS\System32\combase.dll
0x00007ffd0f7b0000 - 0x00007ffd0f830000 	C:\WINDOWS\System32\bcryptPrimitives.dll
0x00007ffd11220000 - 0x00007ffd1124e000 	C:\WINDOWS\System32\IMM32.DLL
0x00000000500e0000 - 0x00000000501b1000 	C:\Program Files\Java\jdk1.8.0_201\jre\bin\msvcr100.dll
0x0000000076f90000 - 0x0000000077834000 	C:\Program Files\Java\jdk1.8.0_201\jre\bin\server\jvm.dll
0x00007ffd111f0000 - 0x00007ffd111f8000 	C:\WINDOWS\System32\PSAPI.DLL
0x00007ffd04940000 - 0x00007ffd04949000 	C:\WINDOWS\SYSTEM32\WSOCK32.dll
0x00007ffd05f80000 - 0x00007ffd05fa4000 	C:\WINDOWS\SYSTEM32\WINMM.dll
0x00007ffd0b6d0000 - 0x00007ffd0b6da000 	C:\WINDOWS\SYSTEM32\VERSION.dll
0x00007ffd11250000 - 0x00007ffd112bf000 	C:\WINDOWS\System32\WS2_32.dll
0x00007ffd05730000 - 0x00007ffd0575d000 	C:\WINDOWS\SYSTEM32\winmmbase.dll
0x00007ffd0f730000 - 0x00007ffd0f77a000 	C:\WINDOWS\System32\cfgmgr32.dll
0x00007ffd01df0000 - 0x00007ffd01dff000 	C:\Program Files\Java\jdk1.8.0_201\jre\bin\verify.dll
0x00007ffcf2b10000 - 0x00007ffcf2b39000 	C:\Program Files\Java\jdk1.8.0_201\jre\bin\java.dll
0x00007ffd0b1a0000 - 0x00007ffd0b1c3000 	C:\Program Files\Java\jdk1.8.0_201\jre\bin\instrument.dll
0x00007ffcf7cb0000 - 0x00007ffcf7cc6000 	C:\Program Files\Java\jdk1.8.0_201\jre\bin\zip.dll
0x00007ffd117a0000 - 0x00007ffd11e82000 	C:\WINDOWS\System32\SHELL32.dll
0x00007ffd11ed0000 - 0x00007ffd11f79000 	C:\WINDOWS\System32\shcore.dll
0x00007ffd0efb0000 - 0x00007ffd0f72c000 	C:\WINDOWS\System32\windows.storage.dll
0x00007ffd0ef70000 - 0x00007ffd0ef8f000 	C:\WINDOWS\System32\profapi.dll
0x00007ffd0ef00000 - 0x00007ffd0ef4a000 	C:\WINDOWS\System32\powrprof.dll
0x00007ffd0eef0000 - 0x00007ffd0ef00000 	C:\WINDOWS\System32\UMPDC.dll
0x00007ffd11f80000 - 0x00007ffd11fd2000 	C:\WINDOWS\System32\shlwapi.dll
0x00007ffd0ef90000 - 0x00007ffd0efa1000 	C:\WINDOWS\System32\kernel.appcore.dll
0x00007ffd0fe60000 - 0x00007ffd0fe77000 	C:\WINDOWS\System32\cryptsp.dll
0x00007ffd0b9e0000 - 0x00007ffd0b9fa000 	C:\Program Files\JetBrains\IntelliJ IDEA Community Edition 2019.2.1\bin\breakgen64.dll
0x00007ffcf75e0000 - 0x00007ffcf75fa000 	C:\Program Files\Java\jdk1.8.0_201\jre\bin\net.dll
0x00007ffd06f70000 - 0x00007ffd07146000 	C:\WINDOWS\SYSTEM32\urlmon.dll
0x00007ffd06650000 - 0x00007ffd068f6000 	C:\WINDOWS\SYSTEM32\iertutil.dll
0x00007ffd0e8d0000 - 0x00007ffd0e8dc000 	C:\WINDOWS\SYSTEM32\CRYPTBASE.DLL
0x00007ffd0e700000 - 0x00007ffd0e767000 	C:\WINDOWS\system32\mswsock.dll
0x00007ffd0b2a0000 - 0x00007ffd0b2ad000 	C:\Program Files\Java\jdk1.8.0_201\jre\bin\management.dll
0x00007ffd05ba0000 - 0x00007ffd05bb6000 	C:\WINDOWS\system32\napinsp.dll
0x00007ffd05b80000 - 0x00007ffd05b9a000 	C:\WINDOWS\system32\pnrpnsp.dll
0x00007ffd0e450000 - 0x00007ffd0e51a000 	C:\WINDOWS\SYSTEM32\DNSAPI.dll
0x00007ffd11ec0000 - 0x00007ffd11ec8000 	C:\WINDOWS\System32\NSI.dll
0x00007ffd0e410000 - 0x00007ffd0e44a000 	C:\WINDOWS\SYSTEM32\IPHLPAPI.DLL
0x00007ffd05b70000 - 0x00007ffd05b7e000 	C:\WINDOWS\System32\winrnr.dll
0x00007ffd0b170000 - 0x00007ffd0b18c000 	C:\WINDOWS\system32\NLAapi.dll
0x00007ffd05b50000 - 0x00007ffd05b65000 	C:\WINDOWS\system32\wshbth.dll
0x00007ffd08ec0000 - 0x00007ffd08eca000 	C:\Windows\System32\rasadhlp.dll
0x00007ffd0a360000 - 0x00007ffd0a3d7000 	C:\WINDOWS\System32\fwpuclnt.dll
0x00007ffd0fe30000 - 0x00007ffd0fe56000 	C:\WINDOWS\System32\bcrypt.dll
0x00007ffcf7500000 - 0x00007ffcf7511000 	C:\Program Files\Java\jdk1.8.0_201\jre\bin\nio.dll
0x00007ffd0e270000 - 0x00007ffd0e2a3000 	C:\WINDOWS\system32\rsaenh.dll
0x00007ffd0ee10000 - 0x00007ffd0ee35000 	C:\WINDOWS\SYSTEM32\USERENV.dll
0x00007ffd0ad70000 - 0x00007ffd0ad86000 	C:\WINDOWS\SYSTEM32\dhcpcsvc6.DLL
0x00007ffd0ac90000 - 0x00007ffd0acac000 	C:\WINDOWS\SYSTEM32\dhcpcsvc.DLL

VM Arguments:
jvm_args: -javaagent:C:\Program Files\JetBrains\IntelliJ IDEA Community Edition 2019.2.1\lib\idea_rt.jar=59624:C:\Program Files\JetBrains\IntelliJ IDEA Community Edition 2019.2.1\bin -Dfile.encoding=UTF-8 
java_command: com.restapi.smart.SmartApplication
java_class_path (initial): C:\Program Files\Java\jdk1.8.0_201\jre\lib\charsets.jar;C:\Program Files\Java\jdk1.8.0_201\jre\lib\deploy.jar;C:\Program Files\Java\jdk1.8.0_201\jre\lib\ext\access-bridge-64.jar;C:\Program Files\Java\jdk1.8.0_201\jre\lib\ext\cldrdata.jar;C:\Program Files\Java\jdk1.8.0_201\jre\lib\ext\dnsns.jar;C:\Program Files\Java\jdk1.8.0_201\jre\lib\ext\jaccess.jar;C:\Program Files\Java\jdk1.8.0_201\jre\lib\ext\jfxrt.jar;C:\Program Files\Java\jdk1.8.0_201\jre\lib\ext\localedata.jar;C:\Program Files\Java\jdk1.8.0_201\jre\lib\ext\nashorn.jar;C:\Program Files\Java\jdk1.8.0_201\jre\lib\ext\sunec.jar;C:\Program Files\Java\jdk1.8.0_201\jre\lib\ext\sunjce_provider.jar;C:\Program Files\Java\jdk1.8.0_201\jre\lib\ext\sunmscapi.jar;C:\Program Files\Java\jdk1.8.0_201\jre\lib\ext\sunpkcs11.jar;C:\Program Files\Java\jdk1.8.0_201\jre\lib\ext\zipfs.jar;C:\Program Files\Java\jdk1.8.0_201\jre\lib\javaws.jar;C:\Program Files\Java\jdk1.8.0_201\jre\lib\jce.jar;C:\Program Files\Java\jdk1.8.0_201\jre\lib\jfr.jar;C:\Program Files\Java\jdk1.8.0_201\jre\lib\jfxswt.jar;C:\Program Files\Java\jdk1.8.0_201\jre\lib\jsse.jar;C:\Program Files\Java\jdk1.8.0_201\jre\lib\management-agent.jar;C:\Program Files\Java\jdk1.8.0_201\jre\lib\plugin.jar;C:\Program Files\Java\jdk1.8.0_201\jre\lib\resources.jar;C:\Program Files\Java\jdk1.8.0_201\jre\lib\rt.jar;C:\Dev50\workspace_intellij\apiSmartBD\target\classes;C:\Users\ksm02\.m2\repository\org\springframework\boot\spring-boot-starter-jdbc\2.1.4.RELEASE\spring-boot-starter-jdbc-2.1.4.RELEASE.jar;C:\Users\ksm02\.m2\repository\org\springframework\boot\spring-boot-starter\2.1.4.RELEASE\spring-boot-starter-2.1.4.RELEASE.jar;C:\Users\ksm02\.m2\repository\org\springframework\boot\spring-boot-starter-logging\2.1.4.RELEASE\spring-boot-starter-logging-2.1.4.RELEASE.jar;C:\Users\ksm02\.m2\repository\ch\qos\logback\logback-classic\1.2.3\logback-classic-1.2.3.jar;C:\Users\ksm02\.m2\repository\ch\qos\logback\logback-core\1.2.3\logback-core-1.2.3.jar;C:\Users
Launcher Type: SUN_STANDARD

Environment Variables:
PATH=C:\oraclexe\app\oracle\product\11.2.0\server\bin;C:\Program Files (x86)\Common Files\Oracle\Java\javapath;C:\WINDOWS\system32;C:\WINDOWS;C:\WINDOWS\System32\Wbem;C:\WINDOWS\System32\WindowsPowerShell\v1.0\;C:\WINDOWS\System32\OpenSSH\;C:\Program Files\Java\jdk1.8.0_201\bin;C:\Program Files\Geth;C:\Program Files\nodejs\;C:\Program Files\Git\cmd;D:\Dev50\Anaconda3;D:\Dev50\Anaconda3\Scripts;C:\Users\ksm02\AppData\Local\Microsoft\WindowsApps;C:\Program Files\Bandizip\;C:\Users\ksm02\AppData\Roaming\npm;C:\Programs\Microsoft VS Code\bin;
USERNAME=ksm02
OS=Windows_NT
PROCESSOR_IDENTIFIER=Intel64 Family 6 Model 158 Stepping 10, GenuineIntel



---------------  S Y S T E M  ---------------

OS: Windows 10.0 , 64 bit Build 18362 (10.0.18362.86)

CPU:total 12 (initial active 12) (6 cores per cpu, 2 threads per core) family 6 model 158 stepping 10, cmov, cx8, fxsr, mmx, sse, sse2, sse3, ssse3, sse4.1, sse4.2, popcnt, avx, avx2, aes, clmul, erms, rtm, 3dnowpref, lzcnt, ht, tsc, tscinvbit, bmi1, bmi2, adx

Memory: 4k page, physical 33423320k(2230024k free), swap 62588920k(5332k free)

vm_info: Java HotSpot(TM) 64-Bit Server VM (25.201-b09) for windows-amd64 JRE (1.8.0_201-b09), built on Dec 15 2018 18:36:39 by "java_re" with MS VC++ 10.0 (VS2010)

time: Wed Sep 04 10:16:15 2019
timezone: 대한민국 표준시
elapsed time: 3 seconds (0d 0h 0m 3s)

