#
# There is insufficient memory for the Java Runtime Environment to continue.
# Native memory allocation (malloc) failed to allocate 875456 bytes for Chunk::new
# Possible reasons:
#   The system is out of physical RAM or swap space
#   The process is running with CompressedOops enabled, and the Java Heap may be blocking the growth of the native heap
# Possible solutions:
#   Reduce memory load on the system
#   Increase physical memory or swap space
#   Check if swap backing store is full
#   Decrease Java heap size (-Xmx/-Xms)
#   Decrease number of Java threads
#   Decrease Java thread stack sizes (-Xss)
#   Set larger code cache with -XX:ReservedCodeCacheSize=
#   JVM is running with Zero Based Compressed Oops mode in which the Java heap is
#     placed in the first 32GB address space. The Java Heap base address is the
#     maximum limit for the native heap growth. Please use -XX:HeapBaseMinAddress
#     to set the Java Heap base and to place the Java Heap above 32GB virtual address.
# This output file may be truncated or incomplete.
#
#  Out of Memory Error (allocation.cpp:390), pid=15520, tid=0x0000000000004234
#
# JRE version: Java(TM) SE Runtime Environment (8.0_201-b09) (build 1.8.0_201-b09)
# Java VM: Java HotSpot(TM) 64-Bit Server VM (25.201-b09 mixed mode windows-amd64 compressed oops)
# Failed to write core dump. Minidumps are not enabled by default on client versions of Windows
#

---------------  T H R E A D  ---------------

Current thread (0x000000002948e800):  JavaThread "C2 CompilerThread2" daemon [_thread_in_native, id=16948, stack(0x0000000029f10000,0x000000002a010000)]

Stack: [0x0000000029f10000,0x000000002a010000]
[error occurred during error reporting (printing stack bounds), id 0xc0000005]

Native frames: (J=compiled Java code, j=interpreted, Vv=VM code, C=native code)


Current CompileTask:
C2:   2842 4159   !   4       org.springframework.util.ReflectionUtils::doWithMethods (176 bytes)


---------------  P R O C E S S  ---------------

Java Threads: ( => current thread )
  0x0000000029621800 JavaThread "container-0" [_thread_blocked, id=8112, stack(0x000000002fe00000,0x000000002ff00000)]
  0x000000002d5f4000 JavaThread "Catalina-utility-2" [_thread_blocked, id=12864, stack(0x000000002eaa0000,0x000000002eba0000)]
  0x000000002d5f8800 JavaThread "Catalina-utility-1" [_thread_blocked, id=1140, stack(0x000000002e570000,0x000000002e670000)]
  0x000000002a7a8000 JavaThread "restartedMain" [_thread_in_vm, id=16300, stack(0x000000002b4c0000,0x000000002b5c0000)]
  0x000000002a8e9800 JavaThread "Thread-0" [_thread_blocked, id=1172, stack(0x000000002b3c0000,0x000000002b4c0000)]
  0x0000000029499800 JavaThread "Service Thread" daemon [_thread_blocked, id=11612, stack(0x000000002a110000,0x000000002a210000)]
  0x000000002948f000 JavaThread "C1 CompilerThread3" daemon [_thread_blocked, id=5016, stack(0x000000002a010000,0x000000002a110000)]
=>0x000000002948e800 JavaThread "C2 CompilerThread2" daemon [_thread_in_native, id=16948, stack(0x0000000029f10000,0x000000002a010000)]
  0x00000000281ae000 JavaThread "C2 CompilerThread1" daemon [_thread_in_native, id=8316, stack(0x0000000029e10000,0x0000000029f10000)]
  0x00000000281ad800 JavaThread "C2 CompilerThread0" daemon [_thread_in_native, id=10724, stack(0x0000000029d10000,0x0000000029e10000)]
  0x000000002946f800 JavaThread "Monitor Ctrl-Break" daemon [_thread_in_native, id=13276, stack(0x0000000029c10000,0x0000000029d10000)]
  0x0000000027e34000 JavaThread "Attach Listener" daemon [_thread_blocked, id=3288, stack(0x0000000029310000,0x0000000029410000)]
  0x0000000027e92000 JavaThread "Signal Dispatcher" daemon [_thread_blocked, id=8516, stack(0x0000000029210000,0x0000000029310000)]
  0x0000000026753800 JavaThread "Finalizer" daemon [_thread_blocked, id=12476, stack(0x0000000029080000,0x0000000029180000)]
  0x0000000027e13000 JavaThread "Reference Handler" daemon [_thread_blocked, id=3444, stack(0x0000000028f80000,0x0000000029080000)]
  0x0000000003516800 JavaThread "main" [_thread_blocked, id=7348, stack(0x00000000032a0000,0x00000000033a0000)]

Other Threads:
  0x0000000027df1800 VMThread [stack: 0x0000000028e80000,0x0000000028f80000] [id=10856]
  0x000000002960e800 WatcherThread [stack: 0x000000002a210000,0x000000002a310000] [id=12424]

VM state:not at safepoint (normal execution)

VM Mutex/Monitor currently owned by a thread: None

heap address: 0x00000005c2000000, size: 8160 MB, Compressed Oops mode: Zero based, Oop shift amount: 3
Narrow klass base: 0x0000000000000000, Narrow klass shift: 3
Compressed class space size: 1073741824 Address: 0x00000007c0000000

Heap:
 PSYoungGen      total 220672K, used 141083K [0x0000000716000000, 0x0000000725200000, 0x00000007c0000000)
  eden space 204800K, 68% used [0x0000000716000000,0x000000071e9c6d38,0x0000000722800000)
  from space 15872K, 0% used [0x0000000724280000,0x0000000724280000,0x0000000725200000)
  to   space 21504K, 0% used [0x0000000722800000,0x0000000722800000,0x0000000723d00000)
 ParOldGen       total 183296K, used 15404K [0x00000005c2000000, 0x00000005cd300000, 0x0000000716000000)
  object space 183296K, 8% used [0x00000005c2000000,0x00000005c2f0b378,0x00000005cd300000)
 Metaspace       used 43469K, capacity 45020K, committed 45144K, reserved 1089536K
  class space    used 5554K, capacity 5878K, committed 5976K, reserved 1048576K

Card table byte_map: [0x00000000129d0000,0x00000000139d0000] byte_map_base: 0x000000000fbc0000

Marking Bits: (ParMarkBitMap*) 0x00000000777b4ce0
 Begin Bits: [0x0000000014e70000, 0x000000001cdf0000)
 End Bits:   [0x000000001cdf0000, 0x0000000024d70000)

Polling page: 0x0000000000bf0000

CodeCache: size=245760Kb used=13218Kb max_used=14569Kb free=232541Kb
 bounds [0x0000000003610000, 0x0000000004460000, 0x0000000012610000]
 total_blobs=4173 nmethods=3690 adapters=395
 compilation: enabled

Compilation events (10 events):
Event: 2.818 Thread 0x000000002948f000 4186       3       org.springframework.core.MethodParameter::getNestedParameterType (122 bytes)
Event: 2.818 Thread 0x000000002948f000 nmethod 4186 0x000000000377d010 code [0x000000000377d2a0, 0x000000000377e548]
Event: 2.826 Thread 0x000000002948f000 4188   !   3       com.sun.beans.finder.MethodFinder::findAccessibleMethod (116 bytes)
Event: 2.826 Thread 0x000000002948f000 nmethod 4188 0x00000000038631d0 code [0x0000000003863500, 0x0000000003864d08]
Event: 2.828 Thread 0x000000002948f000 4189       1       org.springframework.beans.GenericTypeAwarePropertyDescriptor::getReadMethod (5 bytes)
Event: 2.828 Thread 0x000000002948f000 nmethod 4189 0x000000000399b2d0 code [0x000000000399b420, 0x000000000399b530]
Event: 2.828 Thread 0x000000002948f000 4190       3       org.springframework.util.ReflectionUtils::invokeMethod (10 bytes)
Event: 2.828 Thread 0x000000002948f000 nmethod 4190 0x0000000003b75a10 code [0x0000000003b75ba0, 0x0000000003b75f88]
Event: 2.828 Thread 0x000000002948f000 4191   !   3       org.springframework.util.ReflectionUtils::invokeMethod (22 bytes)
Event: 2.828 Thread 0x000000002948f000 nmethod 4191 0x00000000037b4f90 code [0x00000000037b5120, 0x00000000037b5408]

GC Heap History (10 events):
Event: 0.906 GC heap before
{Heap before GC invocations=2 (full 0):
 PSYoungGen      total 152576K, used 44941K [0x0000000716000000, 0x0000000720a00000, 0x00000007c0000000)
  eden space 131072K, 23% used [0x0000000716000000,0x0000000717e761e0,0x000000071e000000)
  from space 21504K, 63% used [0x000000071e000000,0x000000071ed6d498,0x000000071f500000)
  to   space 21504K, 0% used [0x000000071f500000,0x000000071f500000,0x0000000720a00000)
 ParOldGen       total 348160K, used 16K [0x00000005c2000000, 0x00000005d7400000, 0x0000000716000000)
  object space 348160K, 0% used [0x00000005c2000000,0x00000005c2004000,0x00000005d7400000)
 Metaspace       used 20646K, capacity 21110K, committed 21248K, reserved 1067008K
  class space    used 2672K, capacity 2800K, committed 2816K, reserved 1048576K
Event: 0.911 GC heap after
Heap after GC invocations=2 (full 0):
 PSYoungGen      total 152576K, used 7963K [0x0000000716000000, 0x0000000720a00000, 0x00000007c0000000)
  eden space 131072K, 0% used [0x0000000716000000,0x0000000716000000,0x000000071e000000)
  from space 21504K, 37% used [0x000000071f500000,0x000000071fcc6da0,0x0000000720a00000)
  to   space 21504K, 0% used [0x000000071e000000,0x000000071e000000,0x000000071f500000)
 ParOldGen       total 348160K, used 24K [0x00000005c2000000, 0x00000005d7400000, 0x0000000716000000)
  object space 348160K, 0% used [0x00000005c2000000,0x00000005c2006000,0x00000005d7400000)
 Metaspace       used 20646K, capacity 21110K, committed 21248K, reserved 1067008K
  class space    used 2672K, capacity 2800K, committed 2816K, reserved 1048576K
}
Event: 0.911 GC heap before
{Heap before GC invocations=3 (full 1):
 PSYoungGen      total 152576K, used 7963K [0x0000000716000000, 0x0000000720a00000, 0x00000007c0000000)
  eden space 131072K, 0% used [0x0000000716000000,0x0000000716000000,0x000000071e000000)
  from space 21504K, 37% used [0x000000071f500000,0x000000071fcc6da0,0x0000000720a00000)
  to   space 21504K, 0% used [0x000000071e000000,0x000000071e000000,0x000000071f500000)
 ParOldGen       total 348160K, used 24K [0x00000005c2000000, 0x00000005d7400000, 0x0000000716000000)
  object space 348160K, 0% used [0x00000005c2000000,0x00000005c2006000,0x00000005d7400000)
 Metaspace       used 20646K, capacity 21110K, committed 21248K, reserved 1067008K
  class space    used 2672K, capacity 2800K, committed 2816K, reserved 1048576K
Event: 0.927 GC heap after
Heap after GC invocations=3 (full 1):
 PSYoungGen      total 152576K, used 0K [0x0000000716000000, 0x0000000720a00000, 0x00000007c0000000)
  eden space 131072K, 0% used [0x0000000716000000,0x0000000716000000,0x000000071e000000)
  from space 21504K, 0% used [0x000000071f500000,0x000000071f500000,0x0000000720a00000)
  to   space 21504K, 0% used [0x000000071e000000,0x000000071e000000,0x000000071f500000)
 ParOldGen       total 183296K, used 7424K [0x00000005c2000000, 0x00000005cd300000, 0x0000000716000000)
  object space 183296K, 4% used [0x00000005c2000000,0x00000005c2740128,0x00000005cd300000)
 Metaspace       used 20644K, capacity 21104K, committed 21248K, reserved 1067008K
  class space    used 2671K, capacity 2799K, committed 2816K, reserved 1048576K
}
Event: 1.399 GC heap before
{Heap before GC invocations=4 (full 1):
 PSYoungGen      total 152576K, used 131072K [0x0000000716000000, 0x0000000720a00000, 0x00000007c0000000)
  eden space 131072K, 100% used [0x0000000716000000,0x000000071e000000,0x000000071e000000)
  from space 21504K, 0% used [0x000000071f500000,0x000000071f500000,0x0000000720a00000)
  to   space 21504K, 0% used [0x000000071e000000,0x000000071e000000,0x000000071f500000)
 ParOldGen       total 183296K, used 7424K [0x00000005c2000000, 0x00000005cd300000, 0x0000000716000000)
  object space 183296K, 4% used [0x00000005c2000000,0x00000005c2740128,0x00000005cd300000)
 Metaspace       used 28038K, capacity 28822K, committed 28928K, reserved 1075200K
  class space    used 3553K, capacity 3755K, committed 3840K, reserved 1048576K
Event: 1.405 GC heap after
Heap after GC invocations=4 (full 1):
 PSYoungGen      total 152576K, used 10223K [0x0000000716000000, 0x0000000725780000, 0x00000007c0000000)
  eden space 131072K, 0% used [0x0000000716000000,0x0000000716000000,0x000000071e000000)
  from space 21504K, 47% used [0x000000071e000000,0x000000071e9fbeb8,0x000000071f500000)
  to   space 21504K, 0% used [0x0000000724280000,0x0000000724280000,0x0000000725780000)
 ParOldGen       total 183296K, used 7432K [0x00000005c2000000, 0x00000005cd300000, 0x0000000716000000)
  object space 183296K, 4% used [0x00000005c2000000,0x00000005c2742128,0x00000005cd300000)
 Metaspace       used 28038K, capacity 28822K, committed 28928K, reserved 1075200K
  class space    used 3553K, capacity 3755K, committed 3840K, reserved 1048576K
}
Event: 2.007 GC heap before
{Heap before GC invocations=5 (full 1):
 PSYoungGen      total 152576K, used 117404K [0x0000000716000000, 0x0000000725780000, 0x00000007c0000000)
  eden space 131072K, 81% used [0x0000000716000000,0x000000071c8ab280,0x000000071e000000)
  from space 21504K, 47% used [0x000000071e000000,0x000000071e9fbeb8,0x000000071f500000)
  to   space 21504K, 0% used [0x0000000724280000,0x0000000724280000,0x0000000725780000)
 ParOldGen       total 183296K, used 7432K [0x00000005c2000000, 0x00000005cd300000, 0x0000000716000000)
  object space 183296K, 4% used [0x00000005c2000000,0x00000005c2742128,0x00000005cd300000)
 Metaspace       used 34012K, capacity 35386K, committed 35416K, reserved 1079296K
  class space    used 4368K, capacity 4667K, committed 4696K, reserved 1048576K
Event: 2.013 GC heap after
Heap after GC invocations=5 (full 1):
 PSYoungGen      total 220672K, used 11194K [0x0000000716000000, 0x0000000725200000, 0x00000007c0000000)
  eden space 204800K, 0% used [0x0000000716000000,0x0000000716000000,0x0000000722800000)
  from space 15872K, 70% used [0x0000000724280000,0x0000000724d6eaa0,0x0000000725200000)
  to   space 21504K, 0% used [0x0000000722800000,0x0000000722800000,0x0000000723d00000)
 ParOldGen       total 183296K, used 7504K [0x00000005c2000000, 0x00000005cd300000, 0x0000000716000000)
  object space 183296K, 4% used [0x00000005c2000000,0x00000005c2754138,0x00000005cd300000)
 Metaspace       used 34012K, capacity 35386K, committed 35416K, reserved 1079296K
  class space    used 4368K, capacity 4667K, committed 4696K, reserved 1048576K
}
Event: 2.013 GC heap before
{Heap before GC invocations=6 (full 2):
 PSYoungGen      total 220672K, used 11194K [0x0000000716000000, 0x0000000725200000, 0x00000007c0000000)
  eden space 204800K, 0% used [0x0000000716000000,0x0000000716000000,0x0000000722800000)
  from space 15872K, 70% used [0x0000000724280000,0x0000000724d6eaa0,0x0000000725200000)
  to   space 21504K, 0% used [0x0000000722800000,0x0000000722800000,0x0000000723d00000)
 ParOldGen       total 183296K, used 7504K [0x00000005c2000000, 0x00000005cd300000, 0x0000000716000000)
  object space 183296K, 4% used [0x00000005c2000000,0x00000005c2754138,0x00000005cd300000)
 Metaspace       used 34012K, capacity 35386K, committed 35416K, reserved 1079296K
  class space    used 4368K, capacity 4667K, committed 4696K, reserved 1048576K
Event: 2.039 GC heap after
Heap after GC invocations=6 (full 2):
 PSYoungGen      total 220672K, used 0K [0x0000000716000000, 0x0000000725200000, 0x00000007c0000000)
  eden space 204800K, 0% used [0x0000000716000000,0x0000000716000000,0x0000000722800000)
  from space 15872K, 0% used [0x0000000724280000,0x0000000724280000,0x0000000725200000)
  to   space 21504K, 0% used [0x0000000722800000,0x0000000722800000,0x0000000723d00000)
 ParOldGen       total 183296K, used 15404K [0x00000005c2000000, 0x00000005cd300000, 0x0000000716000000)
  object space 183296K, 8% used [0x00000005c2000000,0x00000005c2f0b378,0x00000005cd300000)
 Metaspace       used 34012K, capacity 35386K, committed 35416K, reserved 1079296K
  class space    used 4368K, capacity 4667K, committed 4696K, reserved 1048576K
}

Deoptimization events (10 events):
Event: 2.716 Thread 0x000000002a7a8000 Uncommon trap: reason=unstable_if action=reinterpret pc=0x00000000040bb158 method=org.springframework.asm.MethodWriter.visitMethodInsn(ILjava/lang/String;Ljava/lang/String;Ljava/lang/String;Z)V @ 81
Event: 2.724 Thread 0x000000002a7a8000 Uncommon trap: reason=unstable_if action=reinterpret pc=0x0000000003a99220 method=java.util.HashMap.resize()[Ljava/util/HashMap$Node; @ 206
Event: 2.731 Thread 0x000000002a7a8000 Uncommon trap: reason=unstable_if action=reinterpret pc=0x0000000003a4ddf8 method=java.util.HashMap.getNode(ILjava/lang/Object;)Ljava/util/HashMap$Node; @ 84
Event: 2.754 Thread 0x000000002a7a8000 Uncommon trap: reason=null_check action=make_not_entrant pc=0x0000000003756340 method=org.springframework.core.annotation.AnnotatedElementUtils.searchWithFindSemantics(Ljava/lang/reflect/AnnotatedElement;Ljava/util/Set;Ljava/lang/String;Ljava/lang/Class;L
Event: 2.771 Thread 0x000000002a7a8000 Uncommon trap: reason=unstable_if action=reinterpret pc=0x0000000003a504a0 method=java.util.HashMap.getNode(ILjava/lang/Object;)Ljava/util/HashMap$Node; @ 84
Event: 2.798 Thread 0x000000002a7a8000 Uncommon trap: reason=unstable_if action=reinterpret pc=0x00000000042d81b0 method=java.util.concurrent.ConcurrentHashMap.putVal(Ljava/lang/Object;Ljava/lang/Object;Z)Ljava/lang/Object; @ 331
Event: 2.799 Thread 0x000000002a7a8000 Uncommon trap: reason=unstable_if action=reinterpret pc=0x00000000039b749c method=java.util.concurrent.ConcurrentHashMap.get(Ljava/lang/Object;)Ljava/lang/Object; @ 86
Event: 2.800 Thread 0x000000002a7a8000 Uncommon trap: reason=unstable_if action=reinterpret pc=0x0000000003a1bf4c method=java.util.concurrent.ConcurrentHashMap.transfer([Ljava/util/concurrent/ConcurrentHashMap$Node;[Ljava/util/concurrent/ConcurrentHashMap$Node;)V @ 356
Event: 2.800 Thread 0x000000002a7a8000 Uncommon trap: reason=unstable_if action=reinterpret pc=0x0000000003a05c04 method=java.util.concurrent.ConcurrentHashMap.transfer([Ljava/util/concurrent/ConcurrentHashMap$Node;[Ljava/util/concurrent/ConcurrentHashMap$Node;)V @ 356
Event: 2.803 Thread 0x000000002a7a8000 Uncommon trap: reason=class_check action=maybe_recompile pc=0x00000000038da7d8 method=org.springframework.core.annotation.AnnotatedElementUtils.searchWithFindSemantics(Ljava/lang/reflect/AnnotatedElement;Ljava/util/Set;Ljava/lang/String;Ljava/lang/Class;L

Classes redefined (0 events):
No events

Internal exceptions (10 events):
Event: 2.825 Thread 0x000000002a7a8000 Exception <a 'java/lang/ClassNotFoundException': java/lang/ObjectCustomizer> (0x000000071e409720) thrown at [C:\re\workspace\8-2-build-windows-amd64-cygwin\jdk8u201\12322\hotspot\src\share\vm\classfile\systemDictionary.cpp, line 210]
Event: 2.825 Thread 0x000000002a7a8000 Exception <a 'java/lang/ClassNotFoundException': org/springframework/security/config/annotation/web/configuration/WebSecurityConfigurationCustomizer> (0x000000071e4305b0) thrown at [C:\re\workspace\8-2-build-windows-amd64-cygwin\jdk8u201\12322\hotspot\src
Event: 2.826 Thread 0x000000002a7a8000 Exception <a 'java/lang/ClassNotFoundException': org/springframework/security/config/annotation/web/configuration/WebSecurityConfiguration$$EnhancerBySpringCGLIB$$f88ed3b8Customizer> (0x000000071e468dd0) thrown at [C:\re\workspace\8-2-build-windows-amd64-
Event: 2.826 Thread 0x000000002a7a8000 Exception <a 'java/lang/ClassNotFoundException': org/springframework/context/annotation/ConfigurationClassEnhancer$EnhancedConfigurationCustomizer> (0x000000071e4977e0) thrown at [C:\re\workspace\8-2-build-windows-amd64-cygwin\jdk8u201\12322\hotspot\src\s
Event: 2.826 Thread 0x000000002a7a8000 Exception <a 'java/lang/ClassNotFoundException': org/springframework/beans/factory/BeanFactoryAwareCustomizer> (0x000000071e4afdb0) thrown at [C:\re\workspace\8-2-build-windows-amd64-cygwin\jdk8u201\12322\hotspot\src\share\vm\classfile\systemDictionary.cp
Event: 2.827 Thread 0x000000002a7a8000 Exception <a 'java/lang/ClassNotFoundException': org/springframework/beans/factory/AwareCustomizer> (0x000000071e4c6420) thrown at [C:\re\workspace\8-2-build-windows-amd64-cygwin\jdk8u201\12322\hotspot\src\share\vm\classfile\systemDictionary.cpp, line 210
Event: 2.827 Thread 0x000000002a7a8000 Exception <a 'java/lang/ClassNotFoundException': org/springframework/context/annotation/ImportAwareCustomizer> (0x000000071e4de8a0) thrown at [C:\re\workspace\8-2-build-windows-amd64-cygwin\jdk8u201\12322\hotspot\src\share\vm\classfile\systemDictionary.cp
Event: 2.827 Thread 0x000000002a7a8000 Exception <a 'java/lang/ClassNotFoundException': org/springframework/beans/factory/AwareCustomizer> (0x000000071e4f4ac0) thrown at [C:\re\workspace\8-2-build-windows-amd64-cygwin\jdk8u201\12322\hotspot\src\share\vm\classfile\systemDictionary.cpp, line 210
Event: 2.828 Thread 0x000000002a7a8000 Exception <a 'java/lang/ClassNotFoundException': org/springframework/beans/factory/BeanClassLoaderAwareCustomizer> (0x000000071e50e0b0) thrown at [C:\re\workspace\8-2-build-windows-amd64-cygwin\jdk8u201\12322\hotspot\src\share\vm\classfile\systemDictionar
Event: 2.828 Thread 0x000000002a7a8000 Exception <a 'java/lang/ClassNotFoundException': org/springframework/beans/factory/AwareCustomizer> (0x000000071e5242b0) thrown at [C:\re\workspace\8-2-build-windows-amd64-cygwin\jdk8u201\12322\hotspot\src\share\vm\classfile\systemDictionary.cpp, line 210

Events (10 events):
Event: 2.840 loading class java/util/regex/Pattern$CharPropertyNames$20
Event: 2.840 loading class java/util/regex/Pattern$CharPropertyNames$20 done
Event: 2.840 loading class java/util/regex/Pattern$CharPropertyNames$21
Event: 2.840 loading class java/util/regex/Pattern$CharPropertyNames$21 done
Event: 2.840 loading class java/util/regex/Pattern$CharPropertyNames$22
Event: 2.840 loading class java/util/regex/Pattern$CharPropertyNames$22 done
Event: 2.841 loading class java/util/regex/Pattern$CharPropertyNames$23
Event: 2.841 loading class java/util/regex/Pattern$CharPropertyNames$23 done
Event: 2.841 loading class java/util/regex/Pattern$Category
Event: 2.841 loading class java/util/regex/Pattern$Category done


Dynamic libraries:
0x00007ff785fb0000 - 0x00007ff785fe7000 	C:\Program Files\Java\jdk1.8.0_201\bin\java.exe
0x00007ffd12020000 - 0x00007ffd12210000 	C:\WINDOWS\SYSTEM32\ntdll.dll
0x00007ffd105d0000 - 0x00007ffd10682000 	C:\WINDOWS\System32\KERNEL32.DLL
0x00007ffd0f890000 - 0x00007ffd0fb33000 	C:\WINDOWS\System32\KERNELBASE.dll
0x00007ffd11090000 - 0x00007ffd11133000 	C:\WINDOWS\System32\ADVAPI32.dll
0x00007ffd11150000 - 0x00007ffd111ee000 	C:\WINDOWS\System32\msvcrt.dll
0x00007ffd10cb0000 - 0x00007ffd10d47000 	C:\WINDOWS\System32\sechost.dll
0x00007ffd103f0000 - 0x00007ffd10510000 	C:\WINDOWS\System32\RPCRT4.dll
0x00007ffd10ef0000 - 0x00007ffd11083000 	C:\WINDOWS\System32\USER32.dll
0x00007ffd0f780000 - 0x00007ffd0f7a1000 	C:\WINDOWS\System32\win32u.dll
0x00007ffd11e90000 - 0x00007ffd11eb6000 	C:\WINDOWS\System32\GDI32.dll
0x00007ffd0ff30000 - 0x00007ffd100c4000 	C:\WINDOWS\System32\gdi32full.dll
0x00007ffd0fc90000 - 0x00007ffd0fd2e000 	C:\WINDOWS\System32\msvcp_win.dll
0x00007ffd0fd30000 - 0x00007ffd0fe2a000 	C:\WINDOWS\System32\ucrtbase.dll
0x00007ffd02410000 - 0x00007ffd02695000 	C:\WINDOWS\WinSxS\amd64_microsoft.windows.common-controls_6595b64144ccf1df_6.0.18362.295_none_e6c3acbd13101292\COMCTL32.dll
0x00007ffd11330000 - 0x00007ffd11666000 	C:\WINDOWS\System32\combase.dll
0x00007ffd0f7b0000 - 0x00007ffd0f830000 	C:\WINDOWS\System32\bcryptPrimitives.dll
0x00007ffd11220000 - 0x00007ffd1124e000 	C:\WINDOWS\System32\IMM32.DLL
0x00000000501d0000 - 0x00000000502a1000 	C:\Program Files\Java\jdk1.8.0_201\jre\bin\msvcr100.dll
0x0000000076f90000 - 0x0000000077834000 	C:\Program Files\Java\jdk1.8.0_201\jre\bin\server\jvm.dll
0x00007ffd111f0000 - 0x00007ffd111f8000 	C:\WINDOWS\System32\PSAPI.DLL
0x00007ffd0b6d0000 - 0x00007ffd0b6da000 	C:\WINDOWS\SYSTEM32\VERSION.dll
0x00007ffd05f80000 - 0x00007ffd05fa4000 	C:\WINDOWS\SYSTEM32\WINMM.dll
0x00007ffd04940000 - 0x00007ffd04949000 	C:\WINDOWS\SYSTEM32\WSOCK32.dll
0x00007ffd11250000 - 0x00007ffd112bf000 	C:\WINDOWS\System32\WS2_32.dll
0x00007ffd05730000 - 0x00007ffd0575d000 	C:\WINDOWS\SYSTEM32\winmmbase.dll
0x00007ffd0f730000 - 0x00007ffd0f77a000 	C:\WINDOWS\System32\cfgmgr32.dll
0x00007ffd0bc80000 - 0x00007ffd0bc8f000 	C:\Program Files\Java\jdk1.8.0_201\jre\bin\verify.dll
0x00007ffd0af10000 - 0x00007ffd0af39000 	C:\Program Files\Java\jdk1.8.0_201\jre\bin\java.dll
0x00007ffd02790000 - 0x00007ffd027b3000 	C:\Program Files\Java\jdk1.8.0_201\jre\bin\instrument.dll
0x00007ffd0bc60000 - 0x00007ffd0bc76000 	C:\Program Files\Java\jdk1.8.0_201\jre\bin\zip.dll
0x00007ffd117a0000 - 0x00007ffd11e82000 	C:\WINDOWS\System32\SHELL32.dll
0x00007ffd11ed0000 - 0x00007ffd11f79000 	C:\WINDOWS\System32\shcore.dll
0x00007ffd0efb0000 - 0x00007ffd0f72c000 	C:\WINDOWS\System32\windows.storage.dll
0x00007ffd0ef70000 - 0x00007ffd0ef8f000 	C:\WINDOWS\System32\profapi.dll
0x00007ffd0ef00000 - 0x00007ffd0ef4a000 	C:\WINDOWS\System32\powrprof.dll
0x00007ffd0eef0000 - 0x00007ffd0ef00000 	C:\WINDOWS\System32\UMPDC.dll
0x00007ffd11f80000 - 0x00007ffd11fd2000 	C:\WINDOWS\System32\shlwapi.dll
0x00007ffd0ef90000 - 0x00007ffd0efa1000 	C:\WINDOWS\System32\kernel.appcore.dll
0x00007ffd0fe60000 - 0x00007ffd0fe77000 	C:\WINDOWS\System32\cryptsp.dll
0x00007ffd02770000 - 0x00007ffd0278a000 	C:\Program Files\JetBrains\IntelliJ IDEA Community Edition 2019.2.1\bin\breakgen64.dll
0x00007ffd0b770000 - 0x00007ffd0b78a000 	C:\Program Files\Java\jdk1.8.0_201\jre\bin\net.dll
0x00007ffd06f70000 - 0x00007ffd07146000 	C:\WINDOWS\SYSTEM32\urlmon.dll
0x00007ffd06650000 - 0x00007ffd068f6000 	C:\WINDOWS\SYSTEM32\iertutil.dll
0x00007ffd0e8d0000 - 0x00007ffd0e8dc000 	C:\WINDOWS\SYSTEM32\CRYPTBASE.DLL
0x00007ffd0e700000 - 0x00007ffd0e767000 	C:\WINDOWS\system32\mswsock.dll
0x00007ffd03350000 - 0x00007ffd0335d000 	C:\Program Files\Java\jdk1.8.0_201\jre\bin\management.dll
0x00007ffd05ba0000 - 0x00007ffd05bb6000 	C:\WINDOWS\system32\napinsp.dll
0x00007ffd05b80000 - 0x00007ffd05b9a000 	C:\WINDOWS\system32\pnrpnsp.dll
0x00007ffd0e450000 - 0x00007ffd0e51a000 	C:\WINDOWS\SYSTEM32\DNSAPI.dll
0x00007ffd11ec0000 - 0x00007ffd11ec8000 	C:\WINDOWS\System32\NSI.dll
0x00007ffd0e410000 - 0x00007ffd0e44a000 	C:\WINDOWS\SYSTEM32\IPHLPAPI.DLL
0x00007ffd05b70000 - 0x00007ffd05b7e000 	C:\WINDOWS\System32\winrnr.dll
0x00007ffd0b170000 - 0x00007ffd0b18c000 	C:\WINDOWS\system32\NLAapi.dll
0x00007ffd05b50000 - 0x00007ffd05b65000 	C:\WINDOWS\system32\wshbth.dll
0x00007ffd08ec0000 - 0x00007ffd08eca000 	C:\Windows\System32\rasadhlp.dll
0x00007ffd0a360000 - 0x00007ffd0a3d7000 	C:\WINDOWS\System32\fwpuclnt.dll
0x00007ffd0fe30000 - 0x00007ffd0fe56000 	C:\WINDOWS\System32\bcrypt.dll
0x00007ffd0a290000 - 0x00007ffd0a2a1000 	C:\Program Files\Java\jdk1.8.0_201\jre\bin\nio.dll
0x00007ffd0e270000 - 0x00007ffd0e2a3000 	C:\WINDOWS\system32\rsaenh.dll
0x00007ffd0ee10000 - 0x00007ffd0ee35000 	C:\WINDOWS\SYSTEM32\USERENV.dll
0x00007ffd0ad70000 - 0x00007ffd0ad86000 	C:\WINDOWS\SYSTEM32\dhcpcsvc6.DLL
0x00007ffd0ac90000 - 0x00007ffd0acac000 	C:\WINDOWS\SYSTEM32\dhcpcsvc.DLL

VM Arguments:
jvm_args: -javaagent:C:\Program Files\JetBrains\IntelliJ IDEA Community Edition 2019.2.1\lib\idea_rt.jar=49508:C:\Program Files\JetBrains\IntelliJ IDEA Community Edition 2019.2.1\bin -Dfile.encoding=UTF-8 
java_command: com.restapi.smart.SmartApplication
java_class_path (initial): C:\Program Files\Java\jdk1.8.0_201\jre\lib\charsets.jar;C:\Program Files\Java\jdk1.8.0_201\jre\lib\deploy.jar;C:\Program Files\Java\jdk1.8.0_201\jre\lib\ext\access-bridge-64.jar;C:\Program Files\Java\jdk1.8.0_201\jre\lib\ext\cldrdata.jar;C:\Program Files\Java\jdk1.8.0_201\jre\lib\ext\dnsns.jar;C:\Program Files\Java\jdk1.8.0_201\jre\lib\ext\jaccess.jar;C:\Program Files\Java\jdk1.8.0_201\jre\lib\ext\jfxrt.jar;C:\Program Files\Java\jdk1.8.0_201\jre\lib\ext\localedata.jar;C:\Program Files\Java\jdk1.8.0_201\jre\lib\ext\nashorn.jar;C:\Program Files\Java\jdk1.8.0_201\jre\lib\ext\sunec.jar;C:\Program Files\Java\jdk1.8.0_201\jre\lib\ext\sunjce_provider.jar;C:\Program Files\Java\jdk1.8.0_201\jre\lib\ext\sunmscapi.jar;C:\Program Files\Java\jdk1.8.0_201\jre\lib\ext\sunpkcs11.jar;C:\Program Files\Java\jdk1.8.0_201\jre\lib\ext\zipfs.jar;C:\Program Files\Java\jdk1.8.0_201\jre\lib\javaws.jar;C:\Program Files\Java\jdk1.8.0_201\jre\lib\jce.jar;C:\Program Files\Java\jdk1.8.0_201\jre\lib\jfr.jar;C:\Program Files\Java\jdk1.8.0_201\jre\lib\jfxswt.jar;C:\Program Files\Java\jdk1.8.0_201\jre\lib\jsse.jar;C:\Program Files\Java\jdk1.8.0_201\jre\lib\management-agent.jar;C:\Program Files\Java\jdk1.8.0_201\jre\lib\plugin.jar;C:\Program Files\Java\jdk1.8.0_201\jre\lib\resources.jar;C:\Program Files\Java\jdk1.8.0_201\jre\lib\rt.jar;C:\Dev50\workspace_intellij\apiSmartBD\target\classes;C:\Users\ksm02\.m2\repository\org\springframework\boot\spring-boot-starter-jdbc\2.1.4.RELEASE\spring-boot-starter-jdbc-2.1.4.RELEASE.jar;C:\Users\ksm02\.m2\repository\org\springframework\boot\spring-boot-starter\2.1.4.RELEASE\spring-boot-starter-2.1.4.RELEASE.jar;C:\Users\ksm02\.m2\repository\org\springframework\boot\spring-boot-starter-logging\2.1.4.RELEASE\spring-boot-starter-logging-2.1.4.RELEASE.jar;C:\Users\ksm02\.m2\repository\ch\qos\logback\logback-classic\1.2.3\logback-classic-1.2.3.jar;C:\Users\ksm02\.m2\repository\ch\qos\logback\logback-core\1.2.3\logback-core-1.2.3.jar;C:\Users
Launcher Type: SUN_STANDARD

Environment Variables:
PATH=C:\oraclexe\app\oracle\product\11.2.0\server\bin;C:\Program Files (x86)\Common Files\Oracle\Java\javapath;C:\WINDOWS\system32;C:\WINDOWS;C:\WINDOWS\System32\Wbem;C:\WINDOWS\System32\WindowsPowerShell\v1.0\;C:\WINDOWS\System32\OpenSSH\;C:\Program Files\Java\jdk1.8.0_201\bin;C:\Program Files\Geth;C:\Program Files\nodejs\;C:\Program Files\Git\cmd;D:\Dev50\Anaconda3;D:\Dev50\Anaconda3\Scripts;C:\Users\ksm02\AppData\Local\Microsoft\WindowsApps;C:\Program Files\Bandizip\;C:\Users\ksm02\AppData\Roaming\npm;C:\Programs\Microsoft VS Code\bin;
USERNAME=ksm02
OS=Windows_NT
PROCESSOR_IDENTIFIER=Intel64 Family 6 Model 158 Stepping 10, GenuineIntel



---------------  S Y S T E M  ---------------

OS: Windows 10.0 , 64 bit Build 18362 (10.0.18362.86)

CPU:total 12 (initial active 12) (6 cores per cpu, 2 threads per core) family 6 model 158 stepping 10, cmov, cx8, fxsr, mmx, sse, sse2, sse3, ssse3, sse4.1, sse4.2, popcnt, avx, avx2, aes, clmul, erms, rtm, 3dnowpref, lzcnt, ht, tsc, tscinvbit, bmi1, bmi2, adx

Memory: 4k page, physical 33423320k(1641340k free), swap 62588920k(5164k free)

vm_info: Java HotSpot(TM) 64-Bit Server VM (25.201-b09) for windows-amd64 JRE (1.8.0_201-b09), built on Dec 15 2018 18:36:39 by "java_re" with MS VC++ 10.0 (VS2010)

time: Tue Sep 03 19:58:39 2019
timezone: 대한민국 표준시
elapsed time: 2 seconds (0d 0h 0m 2s)

